This file contains any messages produced by compilers while
running configure, to aid debugging if configure makes a mistake.

It was created by configure, which was
generated by GNU Autoconf 2.65.  Invocation command line was

  $ ./configure --prefix=/home/barry/Project/xunjia/source/minigui/libmgi-2.0.4/../../rootfs/ --host=arm-none-linux-gnueabi --build=x86_64-linux MINIGUI_CFLAGS=-I/home/barry/Project/xunjia/source/rootfs/include MINIGUI_LIBS=-L/home/barry/Project/xunjia/source/rootfs/lib CFLAGS=-I/home/barry/Project/xunjia/source/rootfs/include LDFLAGS=-L/home/barry/Project/xunjia/source/rootfs/lib LIBS=-lminigui_ths -ljpeg -lm -lpthread -ldl -lz -lpng  -lts

## --------- ##
## Platform. ##
## --------- ##

hostname = popy-debian
uname -m = x86_64
uname -r = 3.2.0-4-amd64
uname -s = Linux
uname -v = #1 SMP Debian 3.2.57-3+deb7u2

/usr/bin/uname -p = unknown
/bin/uname -X     = unknown

/bin/arch              = unknown
/usr/bin/arch -k       = unknown
/usr/convex/getsysinfo = unknown
/usr/bin/hostinfo      = unknown
/bin/machine           = unknown
/usr/bin/oslevel       = unknown
/bin/universe          = unknown

PATH: /opt/adt-bundle-linux-x86_64-20140321/eclipse
PATH: /opt/android-sdk-linux/tools
PATH: /opt/android-sdk-linux/platform-tools
PATH: /home/barry/bin
PATH: /usr/local/bin
PATH: /usr/bin
PATH: /bin
PATH: /usr/local/games
PATH: /usr/games
PATH: /usr/lib/jvm/java-7-oracle/bin
PATH: /usr/lib/jvm/java-7-oracle/db/bin
PATH: /usr/lib/jvm/java-7-oracle/jre/bin
PATH: /opt/android-ndk-r9d
PATH: /opt/FriendlyARM/toolschain/4.4.3/bin


## ----------- ##
## Core tests. ##
## ----------- ##

configure:2417: checking build system type
configure:2431: result: x86_64-pc-linux-gnu
configure:2451: checking host system type
configure:2464: result: arm-none-linux-gnueabi
configure:2484: checking target system type
configure:2497: result: arm-none-linux-gnueabi
configure:2533: checking for arm-none-linux-gnueabi-gcc
configure:2560: result: arm-none-linux-gnueabi-gcc
configure:2829: checking for C compiler version
configure:2838: arm-none-linux-gnueabi-gcc --version >&5
.arm-none-linux-gnueabi-gcc (ctng-1.6.1) 4.4.3
Copyright (C) 2010 Free Software Foundation, Inc.
This is free software; see the source for copying conditions.  There is NO
warranty; not even for MERCHANTABILITY or FITNESS FOR A PARTICULAR PURPOSE.

configure:2849: $? = 0
configure:2838: arm-none-linux-gnueabi-gcc -v >&5
Using built-in specs.
Target: arm-none-linux-gnueabi
Configured with: /opt/FriendlyARM/mini2440/build-toolschain/working/src/gcc-4.4.3/configure --build=i386-build_redhat-linux-gnu --host=i386-build_redhat-linux-gnu --target=arm-none-linux-gnueabi --prefix=/opt/FriendlyARM/toolschain/4.4.3 --with-sysroot=/opt/FriendlyARM/toolschain/4.4.3/arm-none-linux-gnueabi//sys-root --enable-languages=c,c++ --disable-multilib --with-arch=armv4t --with-cpu=arm920t --with-tune=arm920t --with-float=soft --with-pkgversion=ctng-1.6.1 --disable-sjlj-exceptions --enable-__cxa_atexit --with-gmp=/opt/FriendlyARM/toolschain/4.4.3 --with-mpfr=/opt/FriendlyARM/toolschain/4.4.3 --with-ppl=/opt/FriendlyARM/toolschain/4.4.3 --with-cloog=/opt/FriendlyARM/toolschain/4.4.3 --with-mpc=/opt/FriendlyARM/toolschain/4.4.3 --with-local-prefix=/opt/FriendlyARM/toolschain/4.4.3/arm-none-linux-gnueabi//sys-root --disable-nls --enable-threads=posix --enable-symvers=gnu --enable-c99 --enable-long-long --enable-target-optspace
Thread model: posix
gcc version 4.4.3 (ctng-1.6.1) 
configure:2849: $? = 0
configure:2838: arm-none-linux-gnueabi-gcc -V >&5
.arm-none-linux-gnueabi-gcc: '-V' option must have argument
configure:2849: $? = 1
configure:2838: arm-none-linux-gnueabi-gcc -qversion >&5
.arm-none-linux-gnueabi-gcc: unrecognized option '-qversion'
.arm-none-linux-gnueabi-gcc: no input files
configure:2849: $? = 1
configure:2869: checking whether the C compiler works
configure:2891: arm-none-linux-gnueabi-gcc -I/home/barry/Project/xunjia/source/rootfs/include  -L/home/barry/Project/xunjia/source/rootfs/lib conftest.c -lminigui_ths -ljpeg -lm -lpthread -ldl -lz -lpng  -lts >&5
configure:2895: $? = 0
configure:2944: result: yes
configure:2947: checking for C compiler default output file name
configure:2949: result: a.out
configure:2955: checking for suffix of executables
configure:2962: arm-none-linux-gnueabi-gcc -o conftest -I/home/barry/Project/xunjia/source/rootfs/include  -L/home/barry/Project/xunjia/source/rootfs/lib conftest.c -lminigui_ths -ljpeg -lm -lpthread -ldl -lz -lpng  -lts >&5
configure:2966: $? = 0
configure:2988: result: 
configure:3010: checking whether we are cross compiling
configure:3048: result: yes
configure:3053: checking for suffix of object files
configure:3075: arm-none-linux-gnueabi-gcc -c -I/home/barry/Project/xunjia/source/rootfs/include  conftest.c >&5
configure:3079: $? = 0
configure:3100: result: o
configure:3104: checking whether we are using the GNU C compiler
configure:3123: arm-none-linux-gnueabi-gcc -c -I/home/barry/Project/xunjia/source/rootfs/include  conftest.c >&5
configure:3123: $? = 0
configure:3132: result: yes
configure:3141: checking whether arm-none-linux-gnueabi-gcc accepts -g
configure:3161: arm-none-linux-gnueabi-gcc -c -g  conftest.c >&5
configure:3161: $? = 0
configure:3202: result: yes
configure:3219: checking for arm-none-linux-gnueabi-gcc option to accept ISO C89
configure:3283: arm-none-linux-gnueabi-gcc  -c -I/home/barry/Project/xunjia/source/rootfs/include  conftest.c >&5
configure:3283: $? = 0
configure:3296: result: none needed
configure:3338: checking for ld used by GCC
configure:3401: result: arm-none-linux-gnueabi-ld
configure:3408: checking if the linker (arm-none-linux-gnueabi-ld) is GNU ld
GNU ld (GNU Binutils) 2.20
configure:3420: result: yes
configure:3428: checking for arm-none-linux-gnueabi-ranlib
configure:3444: found /opt/FriendlyARM/toolschain/4.4.3/bin/arm-none-linux-gnueabi-ranlib
configure:3455: result: arm-none-linux-gnueabi-ranlib
configure:3583: checking for arm-none-linux-gnueabi-ld option to reload object files
configure:3590: result: -r
configure:3595: checking for BSD-compatible nm
configure:3631: result: /opt/FriendlyARM/toolschain/4.4.3/bin/arm-none-linux-gnueabi-nm -B
configure:3634: checking for a sed that does not truncate output
configure:3716: result: /bin/sed
configure:3719: checking whether ln -s works
configure:3723: result: yes
configure:3730: checking how to recognise dependent libraries
configure:3911: result: file_magic ELF [0-9][0-9]*-bit [LM]SB (shared object|dynamic lib )
configure:3924: checking command to parse /opt/FriendlyARM/toolschain/4.4.3/bin/arm-none-linux-gnueabi-nm -B output
configure:4008: arm-none-linux-gnueabi-gcc -c -I/home/barry/Project/xunjia/source/rootfs/include  conftest.c >&5
configure:4011: $? = 0
configure:4015: /opt/FriendlyARM/toolschain/4.4.3/bin/arm-none-linux-gnueabi-nm -B conftest.o \| sed -n -e 's/^.*[ 	]\([ABCDGISTW][ABCDGISTW]*\)[ 	][ 	]*\(\)\([_A-Za-z][_A-Za-z0-9]*\)$/\1 \2\3 \3/p' \> conftest.nm
configure:4018: $? = 0
configure:4070: arm-none-linux-gnueabi-gcc -o conftest -I/home/barry/Project/xunjia/source/rootfs/include  -L/home/barry/Project/xunjia/source/rootfs/lib conftest.c conftstm.o >&5
configure:4073: $? = 0
configure:4117: result: ok
configure:4126: checking how to run the C preprocessor
configure:4157: arm-none-linux-gnueabi-gcc -E  conftest.c
configure:4157: $? = 0
configure:4171: arm-none-linux-gnueabi-gcc -E  conftest.c
conftest.c:9:28: error: ac_nonexistent.h: No such file or directory
configure:4171: $? = 1
configure: failed program was:
| /* confdefs.h */
| #define PACKAGE_NAME ""
| #define PACKAGE_TARNAME ""
| #define PACKAGE_VERSION ""
| #define PACKAGE_STRING ""
| #define PACKAGE_BUGREPORT ""
| #define PACKAGE_URL ""
| /* end confdefs.h.  */
| #include <ac_nonexistent.h>
configure:4196: result: arm-none-linux-gnueabi-gcc -E
configure:4216: arm-none-linux-gnueabi-gcc -E  conftest.c
configure:4216: $? = 0
configure:4230: arm-none-linux-gnueabi-gcc -E  conftest.c
conftest.c:9:28: error: ac_nonexistent.h: No such file or directory
configure:4230: $? = 1
configure: failed program was:
| /* confdefs.h */
| #define PACKAGE_NAME ""
| #define PACKAGE_TARNAME ""
| #define PACKAGE_VERSION ""
| #define PACKAGE_STRING ""
| #define PACKAGE_BUGREPORT ""
| #define PACKAGE_URL ""
| /* end confdefs.h.  */
| #include <ac_nonexistent.h>
configure:4259: checking for grep that handles long lines and -e
configure:4317: result: /bin/grep
configure:4322: checking for egrep
configure:4384: result: /bin/grep -E
configure:4389: checking for ANSI C header files
configure:4409: arm-none-linux-gnueabi-gcc -c -I/home/barry/Project/xunjia/source/rootfs/include  conftest.c >&5
configure:4409: $? = 0
configure:4493: result: yes
configure:4506: checking for sys/types.h
configure:4506: arm-none-linux-gnueabi-gcc -c -I/home/barry/Project/xunjia/source/rootfs/include  conftest.c >&5
configure:4506: $? = 0
configure:4506: result: yes
configure:4506: checking for sys/stat.h
configure:4506: arm-none-linux-gnueabi-gcc -c -I/home/barry/Project/xunjia/source/rootfs/include  conftest.c >&5
configure:4506: $? = 0
configure:4506: result: yes
configure:4506: checking for stdlib.h
configure:4506: arm-none-linux-gnueabi-gcc -c -I/home/barry/Project/xunjia/source/rootfs/include  conftest.c >&5
configure:4506: $? = 0
configure:4506: result: yes
configure:4506: checking for string.h
configure:4506: arm-none-linux-gnueabi-gcc -c -I/home/barry/Project/xunjia/source/rootfs/include  conftest.c >&5
configure:4506: $? = 0
configure:4506: result: yes
configure:4506: checking for memory.h
configure:4506: arm-none-linux-gnueabi-gcc -c -I/home/barry/Project/xunjia/source/rootfs/include  conftest.c >&5
configure:4506: $? = 0
configure:4506: result: yes
configure:4506: checking for strings.h
configure:4506: arm-none-linux-gnueabi-gcc -c -I/home/barry/Project/xunjia/source/rootfs/include  conftest.c >&5
configure:4506: $? = 0
configure:4506: result: yes
configure:4506: checking for inttypes.h
configure:4506: arm-none-linux-gnueabi-gcc -c -I/home/barry/Project/xunjia/source/rootfs/include  conftest.c >&5
configure:4506: $? = 0
configure:4506: result: yes
configure:4506: checking for stdint.h
configure:4506: arm-none-linux-gnueabi-gcc -c -I/home/barry/Project/xunjia/source/rootfs/include  conftest.c >&5
configure:4506: $? = 0
configure:4506: result: yes
configure:4506: checking for unistd.h
configure:4506: arm-none-linux-gnueabi-gcc -c -I/home/barry/Project/xunjia/source/rootfs/include  conftest.c >&5
configure:4506: $? = 0
configure:4506: result: yes
configure:4521: checking dlfcn.h usability
configure:4521: arm-none-linux-gnueabi-gcc -c -I/home/barry/Project/xunjia/source/rootfs/include  conftest.c >&5
configure:4521: $? = 0
configure:4521: result: yes
configure:4521: checking dlfcn.h presence
configure:4521: arm-none-linux-gnueabi-gcc -E  conftest.c
configure:4521: $? = 0
configure:4521: result: yes
configure:4521: checking for dlfcn.h
configure:4521: result: yes
configure:4540: checking for arm-none-linux-gnueabi-file
configure:4598: result: no
configure:4604: checking for file
configure:4659: result: /usr/bin/file
configure:4678: checking for arm-none-linux-gnueabi-ranlib
configure:4705: result: arm-none-linux-gnueabi-ranlib
configure:4770: checking for arm-none-linux-gnueabi-strip
configure:4786: found /opt/FriendlyARM/toolschain/4.4.3/bin/arm-none-linux-gnueabi-strip
configure:4797: result: arm-none-linux-gnueabi-strip
configure:5040: checking for objdir
configure:5051: result: .libs
configure:5072: checking for arm-none-linux-gnueabi-gcc option to produce PIC
configure:5218: result: -fPIC
configure:5222: checking if arm-none-linux-gnueabi-gcc PIC flag -fPIC works
configure:5240: arm-none-linux-gnueabi-gcc -c -I/home/barry/Project/xunjia/source/rootfs/include -fPIC -DPIC  conftest.c >&5
configure:5240: $? = 0
configure:5274: result: yes
configure:5294: checking if arm-none-linux-gnueabi-gcc static flag -static works
configure:5313: arm-none-linux-gnueabi-gcc -o conftest -I/home/barry/Project/xunjia/source/rootfs/include  -L/home/barry/Project/xunjia/source/rootfs/lib -static conftest.c -lminigui_ths -ljpeg -lm -lpthread -ldl -lz -lpng  -lts >&5
/opt/FriendlyARM/toolschain/4.4.3/lib/gcc/arm-none-linux-gnueabi/4.4.3/../../../../arm-none-linux-gnueabi/bin/ld: cannot find -ljpeg
collect2: ld returned 1 exit status
configure:5313: $? = 1
configure: failed program was:
| /* confdefs.h */
| #define PACKAGE_NAME ""
| #define PACKAGE_TARNAME ""
| #define PACKAGE_VERSION ""
| #define PACKAGE_STRING ""
| #define PACKAGE_BUGREPORT ""
| #define PACKAGE_URL ""
| #define STDC_HEADERS 1
| #define HAVE_SYS_TYPES_H 1
| #define HAVE_SYS_STAT_H 1
| #define HAVE_STDLIB_H 1
| #define HAVE_STRING_H 1
| #define HAVE_MEMORY_H 1
| #define HAVE_STRINGS_H 1
| #define HAVE_INTTYPES_H 1
| #define HAVE_STDINT_H 1
| #define HAVE_UNISTD_H 1
| #define HAVE_DLFCN_H 1
| /* end confdefs.h.  */
| 
| int
| main ()
| {
| 
|   ;
|   return 0;
| }
configure:5325: result: no
configure:5341: checking if arm-none-linux-gnueabi-gcc supports -c -o file.o
configure:5361: arm-none-linux-gnueabi-gcc -c -I/home/barry/Project/xunjia/source/rootfs/include -o out/conftest2.o  conftest.c >&5
configure:5385: result: yes
configure:5390: checking if arm-none-linux-gnueabi-gcc supports -c -o file.lo
configure:5412: arm-none-linux-gnueabi-gcc -c -I/home/barry/Project/xunjia/source/rootfs/include -c -o conftest.lo  conftest.c >&5
configure:5412: $? = 0
configure:5429: result: yes
configure:5468: checking if arm-none-linux-gnueabi-gcc supports -fno-rtti -fno-exceptions
configure:5485: arm-none-linux-gnueabi-gcc -c -I/home/barry/Project/xunjia/source/rootfs/include -fno-rtti -fno-exceptions -c conftest.c  conftest.c >&5
cc1: warning: command line option "-fno-rtti" is valid for C++/ObjC++ but not for C
cc1: warning: command line option "-fno-rtti" is valid for C++/ObjC++ but not for C
configure:5485: $? = 0
configure:5497: result: no
configure:5512: checking whether the linker (arm-none-linux-gnueabi-ld) supports shared libraries
configure:6207: result: yes
configure:6216: checking how to hardcode library paths into programs
configure:6240: result: immediate
configure:6249: checking whether stripping libraries is possible
configure:6254: result: yes
configure:6269: checking dynamic linker characteristics
configure:6700: result: GNU/Linux ld.so
configure:6709: checking if libtool supports shared libraries
configure:6711: result: yes
configure:6718: checking whether to build shared libraries
configure:6739: result: yes
configure:6746: checking whether to build static libraries
configure:6750: result: yes
configure:7214: checking whether -lc should be explicitly linked in
configure:7222: arm-none-linux-gnueabi-gcc -c -I/home/barry/Project/xunjia/source/rootfs/include  conftest.c >&5
configure:7225: $? = 0
configure:7239: arm-none-linux-gnueabi-gcc -shared conftest.o  -v -Wl,-soname -Wl,conftest -o conftest 2\>\&1 \| grep  -lc  \>/dev/null 2\>\&1
configure:7242: $? = 0
configure:7255: result: no
configure:7848: checking for a BSD-compatible install
configure:7916: result: /usr/bin/install -c
configure:7927: checking whether ln -s works
configure:7931: result: yes
configure:7938: checking whether make sets $(MAKE)
configure:7960: result: yes
configure:7972: checking whether build environment is sane
configure:8022: result: yes
configure:8071: checking for arm-none-linux-gnueabi-strip
configure:8098: result: arm-none-linux-gnueabi-strip
configure:8163: checking for a thread-safe mkdir -p
configure:8202: result: /bin/mkdir -p
configure:8215: checking for gawk
configure:8231: found /usr/bin/gawk
configure:8242: result: gawk
configure:8274: checking for style of include used by make
configure:8302: result: GNU
configure:8378: checking dependency style of arm-none-linux-gnueabi-gcc
configure:8488: result: gcc3
configure:8507: checking for ANSI C header files
configure:8611: result: yes
configure:8622: checking float.h usability
configure:8622: arm-none-linux-gnueabi-gcc -c -I/home/barry/Project/xunjia/source/rootfs/include  conftest.c >&5
configure:8622: $? = 0
configure:8622: result: yes
configure:8622: checking float.h presence
configure:8622: arm-none-linux-gnueabi-gcc -E  conftest.c
configure:8622: $? = 0
configure:8622: result: yes
configure:8622: checking for float.h
configure:8622: result: yes
configure:8622: checking limits.h usability
configure:8622: arm-none-linux-gnueabi-gcc -c -I/home/barry/Project/xunjia/source/rootfs/include  conftest.c >&5
configure:8622: $? = 0
configure:8622: result: yes
configure:8622: checking limits.h presence
configure:8622: arm-none-linux-gnueabi-gcc -E  conftest.c
configure:8622: $? = 0
configure:8622: result: yes
configure:8622: checking for limits.h
configure:8622: result: yes
configure:8622: checking for string.h
configure:8622: result: yes
configure:8635: checking for an ANSI C-conforming const
configure:8700: arm-none-linux-gnueabi-gcc -c -I/home/barry/Project/xunjia/source/rootfs/include  conftest.c >&5
configure:8700: $? = 0
configure:8707: result: yes
configure:8734: checking minigui/common.h usability
configure:8734: arm-none-linux-gnueabi-gcc -c -I/home/barry/Project/xunjia/source/rootfs/include  conftest.c >&5
In file included from /home/barry/Project/xunjia/source/rootfs/include/minigui/common.h:59,
                 from conftest.c:57:
/home/barry/Project/xunjia/source/rootfs/include/minigui/mgconfig.h:140:1: warning: "PACKAGE_NAME" redefined
conftest.c:2:1: warning: this is the location of the previous definition
/home/barry/Project/xunjia/source/rootfs/include/minigui/mgconfig.h:143:1: warning: "PACKAGE_STRING" redefined
conftest.c:5:1: warning: this is the location of the previous definition
/home/barry/Project/xunjia/source/rootfs/include/minigui/mgconfig.h:146:1: warning: "PACKAGE_TARNAME" redefined
conftest.c:3:1: warning: this is the location of the previous definition
/home/barry/Project/xunjia/source/rootfs/include/minigui/mgconfig.h:152:1: warning: "PACKAGE_VERSION" redefined
conftest.c:4:1: warning: this is the location of the previous definition
configure:8734: $? = 0
configure:8734: result: yes
configure:8734: checking minigui/common.h presence
configure:8734: arm-none-linux-gnueabi-gcc -E  conftest.c
conftest.c:24:28: error: minigui/common.h: No such file or directory
configure:8734: $? = 1
configure: failed program was:
| /* confdefs.h */
| #define PACKAGE_NAME ""
| #define PACKAGE_TARNAME ""
| #define PACKAGE_VERSION ""
| #define PACKAGE_STRING ""
| #define PACKAGE_BUGREPORT ""
| #define PACKAGE_URL ""
| #define STDC_HEADERS 1
| #define HAVE_SYS_TYPES_H 1
| #define HAVE_SYS_STAT_H 1
| #define HAVE_STDLIB_H 1
| #define HAVE_STRING_H 1
| #define HAVE_MEMORY_H 1
| #define HAVE_STRINGS_H 1
| #define HAVE_INTTYPES_H 1
| #define HAVE_STDINT_H 1
| #define HAVE_UNISTD_H 1
| #define HAVE_DLFCN_H 1
| #define STDC_HEADERS 1
| #define HAVE_FLOAT_H 1
| #define HAVE_LIMITS_H 1
| #define HAVE_STRING_H 1
| /* end confdefs.h.  */
| #include <minigui/common.h>
configure:8734: result: no
configure:8734: WARNING: minigui/common.h: accepted by the compiler, rejected by the preprocessor!
configure:8734: WARNING: minigui/common.h: proceeding with the compiler's result
configure:8734: checking for minigui/common.h
configure:8734: result: yes
configure:8747: checking whether _MGRM_PROCESSES is declared
configure:8747: arm-none-linux-gnueabi-gcc -c -I/home/barry/Project/xunjia/source/rootfs/include  conftest.c >&5
In file included from /home/barry/Project/xunjia/source/rootfs/include/minigui/common.h:59,
                 from conftest.c:25:
/home/barry/Project/xunjia/source/rootfs/include/minigui/mgconfig.h:140:1: warning: "PACKAGE_NAME" redefined
conftest.c:2:1: warning: this is the location of the previous definition
/home/barry/Project/xunjia/source/rootfs/include/minigui/mgconfig.h:143:1: warning: "PACKAGE_STRING" redefined
conftest.c:5:1: warning: this is the location of the previous definition
/home/barry/Project/xunjia/source/rootfs/include/minigui/mgconfig.h:146:1: warning: "PACKAGE_TARNAME" redefined
conftest.c:3:1: warning: this is the location of the previous definition
/home/barry/Project/xunjia/source/rootfs/include/minigui/mgconfig.h:152:1: warning: "PACKAGE_VERSION" redefined
conftest.c:4:1: warning: this is the location of the previous definition
conftest.c: In function 'main':
conftest.c:31: error: '_MGRM_PROCESSES' undeclared (first use in this function)
conftest.c:31: error: (Each undeclared identifier is reported only once
conftest.c:31: error: for each function it appears in.)
configure:8747: $? = 1
configure: failed program was:
| /* confdefs.h */
| #define PACKAGE_NAME ""
| #define PACKAGE_TARNAME ""
| #define PACKAGE_VERSION ""
| #define PACKAGE_STRING ""
| #define PACKAGE_BUGREPORT ""
| #define PACKAGE_URL ""
| #define STDC_HEADERS 1
| #define HAVE_SYS_TYPES_H 1
| #define HAVE_SYS_STAT_H 1
| #define HAVE_STDLIB_H 1
| #define HAVE_STRING_H 1
| #define HAVE_MEMORY_H 1
| #define HAVE_STRINGS_H 1
| #define HAVE_INTTYPES_H 1
| #define HAVE_STDINT_H 1
| #define HAVE_UNISTD_H 1
| #define HAVE_DLFCN_H 1
| #define STDC_HEADERS 1
| #define HAVE_FLOAT_H 1
| #define HAVE_LIMITS_H 1
| #define HAVE_STRING_H 1
| #define HAVE_MINIGUI_COMMON_H 1
| /* end confdefs.h.  */
| #include <minigui/common.h>
| 
| int
| main ()
| {
| #ifndef _MGRM_PROCESSES
|   (void) _MGRM_PROCESSES;
| #endif
| 
|   ;
|   return 0;
| }
configure:8747: result: no
configure:8857: checking for arm-none-linux-gnueabi-pkg-config
configure:8890: result: no
configure:8900: checking for pkg-config
configure:8918: found /usr/bin/pkg-config
configure:8930: result: /usr/bin/pkg-config
configure:8942: WARNING: using cross tools not prefixed with host triplet
configure:8955: checking pkg-config is at least version 0.9.0
configure:8958: result: yes
configure:8969: checking for MINIGUI
configure:9053: result: yes
configure:9185: creating ./config.status

## ---------------------- ##
## Running config.status. ##
## ---------------------- ##

This file was extended by config.status, which was
generated by GNU Autoconf 2.65.  Invocation command line was

  CONFIG_FILES    = 
  CONFIG_HEADERS  = 
  CONFIG_LINKS    = 
  CONFIG_COMMANDS = 
  $ ./config.status 

on popy-debian

config.status:899: creating Makefile
config.status:899: creating m4/Makefile
config.status:899: creating include/Makefile
config.status:899: creating examples/Makefile
config.status:899: creating src/Makefile
config.status:899: creating src/softkeyboard/Makefile
config.status:899: creating src/softkeyboard/softkeyboard/Makefile
config.status:899: creating src/softkeyboard/softkeyboard/240-320/Makefile
config.status:899: creating src/softkeyboard/softkeyboard/320-240/Makefile
config.status:899: creating src/softkeyboard/softkeyboard/480-272/Makefile
config.status:899: creating mgiconfig.h
config.status:1119: executing depfiles commands

## ---------------- ##
## Cache variables. ##
## ---------------- ##

ac_cv_build=x86_64-pc-linux-gnu
ac_cv_c_compiler_gnu=yes
ac_cv_c_const=yes
ac_cv_env_CC_set=set
ac_cv_env_CC_value=arm-none-linux-gnueabi-gcc
ac_cv_env_CFLAGS_set=set
ac_cv_env_CFLAGS_value=-I/home/barry/Project/xunjia/source/rootfs/include
ac_cv_env_CPPFLAGS_set=
ac_cv_env_CPPFLAGS_value=
ac_cv_env_CPP_set=
ac_cv_env_CPP_value=
ac_cv_env_LDFLAGS_set=set
ac_cv_env_LDFLAGS_value=-L/home/barry/Project/xunjia/source/rootfs/lib
ac_cv_env_LIBS_set=set
ac_cv_env_LIBS_value='-lminigui_ths -ljpeg -lm -lpthread -ldl -lz -lpng  -lts'
ac_cv_env_MINIGUI_CFLAGS_set=set
ac_cv_env_MINIGUI_CFLAGS_value=-I/home/barry/Project/xunjia/source/rootfs/include
ac_cv_env_MINIGUI_LIBS_set=set
ac_cv_env_MINIGUI_LIBS_value=-L/home/barry/Project/xunjia/source/rootfs/lib
ac_cv_env_PKG_CONFIG_set=
ac_cv_env_PKG_CONFIG_value=
ac_cv_env_build_alias_set=set
ac_cv_env_build_alias_value=x86_64-linux
ac_cv_env_host_alias_set=set
ac_cv_env_host_alias_value=arm-none-linux-gnueabi
ac_cv_env_target_alias_set=
ac_cv_env_target_alias_value=
ac_cv_have_decl__MGRM_PROCESSES=no
ac_cv_header_dlfcn_h=yes
ac_cv_header_float_h=yes
ac_cv_header_inttypes_h=yes
ac_cv_header_limits_h=yes
ac_cv_header_memory_h=yes
ac_cv_header_minigui_common_h=yes
ac_cv_header_stdc=yes
ac_cv_header_stdint_h=yes
ac_cv_header_stdlib_h=yes
ac_cv_header_string_h=yes
ac_cv_header_strings_h=yes
ac_cv_header_sys_stat_h=yes
ac_cv_header_sys_types_h=yes
ac_cv_header_unistd_h=yes
ac_cv_host=arm-none-linux-gnueabi
ac_cv_objext=o
ac_cv_path_EGREP='/bin/grep -E'
ac_cv_path_GREP=/bin/grep
ac_cv_path_ac_pt_PKG_CONFIG=/usr/bin/pkg-config
ac_cv_path_install='/usr/bin/install -c'
ac_cv_path_mkdir=/bin/mkdir
ac_cv_prog_AWK=gawk
ac_cv_prog_CC=arm-none-linux-gnueabi-gcc
ac_cv_prog_CPP='arm-none-linux-gnueabi-gcc -E'
ac_cv_prog_RANLIB=arm-none-linux-gnueabi-ranlib
ac_cv_prog_STRIP=arm-none-linux-gnueabi-strip
ac_cv_prog_cc_c89=
ac_cv_prog_cc_g=yes
ac_cv_prog_make_make_set=yes
ac_cv_target=arm-none-linux-gnueabi
am_cv_CC_dependencies_compiler_type=gcc3
lt_cv_archive_cmds_need_lc=no
lt_cv_compiler_c_o=yes
lt_cv_compiler_o_lo=yes
lt_cv_deplibs_check_method='file_magic ELF [0-9][0-9]*-bit [LM]SB (shared object|dynamic lib )'
lt_cv_file_magic_cmd='$MAGIC_CMD'
lt_cv_file_magic_test_file='/lib/libc.so* /lib/libc-*.so'
lt_cv_global_symbol_to_c_name_address='sed -n -e '\''s/^: \([^ ]*\) $/  {\"\1\", (lt_ptr) 0},/p'\'' -e '\''s/^[BCDEGRST] \([^ ]*\) \([^ ]*\)$/  {"\2", (lt_ptr) \&\2},/p'\'''
lt_cv_global_symbol_to_cdecl='sed -n -e '\''s/^. .* \(.*\)$/extern char \1;/p'\'''
lt_cv_ld_reload_flag=-r
lt_cv_path_LD=arm-none-linux-gnueabi-ld
lt_cv_path_MAGIC_CMD=/usr/bin/file
lt_cv_path_NM='/opt/FriendlyARM/toolschain/4.4.3/bin/arm-none-linux-gnueabi-nm -B'
lt_cv_path_SED=/bin/sed
lt_cv_prog_cc_can_build_shared=yes
lt_cv_prog_cc_no_builtin=
lt_cv_prog_cc_pic=' -fPIC'
lt_cv_prog_cc_pic_works=yes
lt_cv_prog_cc_shlib=
lt_cv_prog_cc_static=
lt_cv_prog_cc_static_works=no
lt_cv_prog_cc_wl=-Wl,
lt_cv_prog_gnu_ld=yes
lt_cv_sys_global_symbol_pipe='sed -n -e '\''s/^.*[ 	]\([ABCDGISTW][ABCDGISTW]*\)[ 	][ 	]*\(\)\([_A-Za-z][_A-Za-z0-9]*\)$/\1 \2\3 \3/p'\'''
pkg_cv_MINIGUI_CFLAGS=-I/home/barry/Project/xunjia/source/rootfs/include
pkg_cv_MINIGUI_LIBS=-L/home/barry/Project/xunjia/source/rootfs/lib

## ----------------- ##
## Output variables. ##
## ----------------- ##

ACLOCAL='${SHELL} /home/barry/Project/xunjia/source/minigui/libmgi-2.0.4/missing --run aclocal-1.11'
AMDEPBACKSLASH='\'
AMDEP_FALSE='#'
AMDEP_TRUE=''
AMTAR='${SHELL} /home/barry/Project/xunjia/source/minigui/libmgi-2.0.4/missing --run tar'
APP_LIBS=' -lpthread -L/home/barry/Project/xunjia/source/rootfs/lib'
AUTOCONF='${SHELL} /home/barry/Project/xunjia/source/minigui/libmgi-2.0.4/missing --run autoconf'
AUTOHEADER='${SHELL} /home/barry/Project/xunjia/source/minigui/libmgi-2.0.4/missing --run autoheader'
AUTOMAKE='${SHELL} /home/barry/Project/xunjia/source/minigui/libmgi-2.0.4/missing --run automake-1.11'
AWK='gawk'
CC='arm-none-linux-gnueabi-gcc'
CCDEPMODE='depmode=gcc3'
CFLAGS='-I/home/barry/Project/xunjia/source/rootfs/include -D__MGI_LIB__'
CPP='arm-none-linux-gnueabi-gcc -E'
CPPFLAGS=''
CYGPATH_W='echo'
DEFS='-DHAVE_CONFIG_H'
DEPDIR='.deps'
ECHO='echo'
ECHO_C=''
ECHO_N='-n'
ECHO_T=''
EGREP='/bin/grep -E'
EXEEXT=''
GREP='/bin/grep'
INSTALL_DATA='${INSTALL} -m 644'
INSTALL_PROGRAM='${INSTALL}'
INSTALL_SCRIPT='${INSTALL}'
INSTALL_STRIP_PROGRAM='$(install_sh) -c -s'
LDFLAGS='-L/home/barry/Project/xunjia/source/rootfs/lib'
LIBOBJS=''
LIBS='-lminigui_ths -ljpeg -lm -lpthread -ldl -lz -lpng  -lts'
LIBTOOL='$(SHELL) $(top_builddir)/libtool'
LN_S='ln -s'
LTLIBOBJS=''
LT_AGE='0'
LT_CURRENT='4'
LT_RELEASE='2.0'
LT_REVISION='0'
MAKEINFO='${SHELL} /home/barry/Project/xunjia/source/minigui/libmgi-2.0.4/missing --run makeinfo'
MGRM_PROCESSES_FALSE=''
MGRM_PROCESSES_TRUE='#'
MGi_BINARY_AGE='0'
MGi_INTERFACE_AGE='0'
MGi_MAJOR_VERSION='2'
MGi_MICRO_VERSION='4'
MGi_MINOR_VERSION='0'
MGi_VERSION='2.0.4'
MINIGUI_CFLAGS='-I/home/barry/Project/xunjia/source/rootfs/include'
MINIGUI_LIBS='-L/home/barry/Project/xunjia/source/rootfs/lib'
MKDIR_P='/bin/mkdir -p'
OBJEXT='o'
PACKAGE='libmgi'
PACKAGE_BUGREPORT=''
PACKAGE_NAME=''
PACKAGE_STRING=''
PACKAGE_TARNAME=''
PACKAGE_URL=''
PACKAGE_VERSION=''
PATH_SEPARATOR=':'
PKG_CONFIG='/usr/bin/pkg-config'
RANLIB='arm-none-linux-gnueabi-ranlib'
SET_MAKE=''
SHELL='/bin/bash'
STRIP='arm-none-linux-gnueabi-strip'
VERSION='2.0.4'
ac_ct_CC=''
am__EXEEXT_FALSE=''
am__EXEEXT_TRUE='#'
am__fastdepCC_FALSE='#'
am__fastdepCC_TRUE=''
am__include='include'
am__isrc=''
am__leading_dot='.'
am__quote=''
am__tar='${AMTAR} chof - "$$tardir"'
am__untar='${AMTAR} xf -'
bindir='${exec_prefix}/bin'
build='x86_64-pc-linux-gnu'
build_alias='x86_64-linux'
build_cpu='x86_64'
build_os='linux-gnu'
build_vendor='pc'
datadir='${datarootdir}'
datarootdir='${prefix}/share'
docdir='${datarootdir}/doc/${PACKAGE}'
dvidir='${docdir}'
exec_prefix='${prefix}'
host='arm-none-linux-gnueabi'
host_alias='arm-none-linux-gnueabi'
host_cpu='arm'
host_os='linux-gnueabi'
host_vendor='none'
htmldir='${docdir}'
includedir='${prefix}/include'
infodir='${datarootdir}/info'
install_sh='${SHELL} /home/barry/Project/xunjia/source/minigui/libmgi-2.0.4/install-sh'
libdir='${exec_prefix}/lib'
libexecdir='${exec_prefix}/libexec'
localedir='${datarootdir}/locale'
localstatedir='${prefix}/var'
mandir='${datarootdir}/man'
mkdir_p='/bin/mkdir -p'
oldincludedir='/usr/include'
pdfdir='${docdir}'
prefix='/home/barry/Project/xunjia/source/minigui/libmgi-2.0.4/../../rootfs'
program_transform_name='s,x,x,'
psdir='${docdir}'
sbindir='${exec_prefix}/sbin'
sharedstatedir='${prefix}/com'
sysconfdir='${prefix}/etc'
target='arm-none-linux-gnueabi'
target_alias=''
target_cpu='arm'
target_os='linux-gnueabi'
target_vendor='none'

## ----------- ##
## confdefs.h. ##
## ----------- ##

/* confdefs.h */
#define PACKAGE_NAME ""
#define PACKAGE_TARNAME ""
#define PACKAGE_VERSION ""
#define PACKAGE_STRING ""
#define PACKAGE_BUGREPORT ""
#define PACKAGE_URL ""
#define STDC_HEADERS 1
#define HAVE_SYS_TYPES_H 1
#define HAVE_SYS_STAT_H 1
#define HAVE_STDLIB_H 1
#define HAVE_STRING_H 1
#define HAVE_MEMORY_H 1
#define HAVE_STRINGS_H 1
#define HAVE_INTTYPES_H 1
#define HAVE_STDINT_H 1
#define HAVE_UNISTD_H 1
#define HAVE_DLFCN_H 1
#define STDC_HEADERS 1
#define HAVE_FLOAT_H 1
#define HAVE_LIMITS_H 1
#define HAVE_STRING_H 1
#define HAVE_MINIGUI_COMMON_H 1
#define HAVE_DECL__MGRM_PROCESSES 0
#define KBD_ANIMATE 1
#define KBD_TOOLTIP 1
#define SOFTKBD_480_272 1

configure: exit 0
