This file contains any messages produced by compilers while
running configure, to aid debugging if configure makes a mistake.

It was created by FreeType configure 2.3.9, which was
generated by GNU Autoconf 2.63.  Invocation command line was

  $ ./configure --host=arm-none-linux-gnueabi --prefix=/home/barry/Project/xunjia/source/minigui/freetype-2.3.9-fm20100818/../../rootfs/

## --------- ##
## Platform. ##
## --------- ##

hostname = popy-debian
uname -m = x86_64
uname -r = 3.2.0-4-amd64
uname -s = Linux
uname -v = #1 SMP Debian 3.2.57-3+deb7u2

/usr/bin/uname -p = unknown
/bin/uname -X     = unknown

/bin/arch              = unknown
/usr/bin/arch -k       = unknown
/usr/convex/getsysinfo = unknown
/usr/bin/hostinfo      = unknown
/bin/machine           = unknown
/usr/bin/oslevel       = unknown
/bin/universe          = unknown

PATH: /opt/adt-bundle-linux-x86_64-20140321/eclipse
PATH: /opt/android-sdk-linux/tools
PATH: /opt/android-sdk-linux/platform-tools
PATH: /home/barry/bin
PATH: /usr/local/bin
PATH: /usr/bin
PATH: /bin
PATH: /usr/local/games
PATH: /usr/games
PATH: /usr/lib/jvm/java-7-oracle/bin
PATH: /usr/lib/jvm/java-7-oracle/db/bin
PATH: /usr/lib/jvm/java-7-oracle/jre/bin
PATH: /opt/android-ndk-r9d
PATH: /opt/FriendlyARM/toolschain/4.4.3/bin


## ----------- ##
## Core tests. ##
## ----------- ##

configure:2072: checking build system type
configure:2090: result: x86_64-unknown-linux-gnu
configure:2112: checking host system type
configure:2127: result: arm-none-linux-gnueabi
configure:2161: checking for arm-none-linux-gnueabi-gcc
configure:2188: result: arm-none-linux-gnueabi-gcc
configure:2460: checking for C compiler version
configure:2468: arm-none-linux-gnueabi-gcc --version >&5
.arm-none-linux-gnueabi-gcc (ctng-1.6.1) 4.4.3
Copyright (C) 2010 Free Software Foundation, Inc.
This is free software; see the source for copying conditions.  There is NO
warranty; not even for MERCHANTABILITY or FITNESS FOR A PARTICULAR PURPOSE.

configure:2472: $? = 0
configure:2479: arm-none-linux-gnueabi-gcc -v >&5
Using built-in specs.
Target: arm-none-linux-gnueabi
Configured with: /opt/FriendlyARM/mini2440/build-toolschain/working/src/gcc-4.4.3/configure --build=i386-build_redhat-linux-gnu --host=i386-build_redhat-linux-gnu --target=arm-none-linux-gnueabi --prefix=/opt/FriendlyARM/toolschain/4.4.3 --with-sysroot=/opt/FriendlyARM/toolschain/4.4.3/arm-none-linux-gnueabi//sys-root --enable-languages=c,c++ --disable-multilib --with-arch=armv4t --with-cpu=arm920t --with-tune=arm920t --with-float=soft --with-pkgversion=ctng-1.6.1 --disable-sjlj-exceptions --enable-__cxa_atexit --with-gmp=/opt/FriendlyARM/toolschain/4.4.3 --with-mpfr=/opt/FriendlyARM/toolschain/4.4.3 --with-ppl=/opt/FriendlyARM/toolschain/4.4.3 --with-cloog=/opt/FriendlyARM/toolschain/4.4.3 --with-mpc=/opt/FriendlyARM/toolschain/4.4.3 --with-local-prefix=/opt/FriendlyARM/toolschain/4.4.3/arm-none-linux-gnueabi//sys-root --disable-nls --enable-threads=posix --enable-symvers=gnu --enable-c99 --enable-long-long --enable-target-optspace
Thread model: posix
gcc version 4.4.3 (ctng-1.6.1) 
configure:2483: $? = 0
configure:2490: arm-none-linux-gnueabi-gcc -V >&5
.arm-none-linux-gnueabi-gcc: '-V' option must have argument
configure:2494: $? = 1
configure:2517: checking for C compiler default output file name
configure:2539: arm-none-linux-gnueabi-gcc    conftest.c  >&5
configure:2543: $? = 0
configure:2581: result: a.out
configure:2600: checking whether the C compiler works
configure:2610: ./a.out
./configure: line 2612: ./a.out: cannot execute binary file
configure:2614: $? = 126
configure:2633: result: yes
configure:2640: checking whether we are cross compiling
configure:2642: result: yes
configure:2645: checking for suffix of executables
configure:2652: arm-none-linux-gnueabi-gcc -o conftest    conftest.c  >&5
configure:2656: $? = 0
configure:2682: result: 
configure:2688: checking for suffix of object files
configure:2714: arm-none-linux-gnueabi-gcc -c   conftest.c >&5
configure:2718: $? = 0
configure:2743: result: o
configure:2747: checking whether we are using the GNU C compiler
configure:2776: arm-none-linux-gnueabi-gcc -c   conftest.c >&5
configure:2783: $? = 0
configure:2800: result: yes
configure:2809: checking whether arm-none-linux-gnueabi-gcc accepts -g
configure:2839: arm-none-linux-gnueabi-gcc -c -g  conftest.c >&5
configure:2846: $? = 0
configure:2947: result: yes
configure:2964: checking for arm-none-linux-gnueabi-gcc option to accept ISO C89
configure:3038: arm-none-linux-gnueabi-gcc  -c -g -O2  conftest.c >&5
configure:3045: $? = 0
configure:3068: result: none needed
configure:3091: checking how to run the C preprocessor
configure:3131: arm-none-linux-gnueabi-gcc -E  conftest.c
configure:3138: $? = 0
configure:3169: arm-none-linux-gnueabi-gcc -E  conftest.c
conftest.c:8:28: error: ac_nonexistent.h: No such file or directory
configure:3176: $? = 1
configure: failed program was:
| /* confdefs.h.  */
| #define PACKAGE_NAME "FreeType"
| #define PACKAGE_TARNAME "freetype"
| #define PACKAGE_VERSION "2.3.9"
| #define PACKAGE_STRING "FreeType 2.3.9"
| #define PACKAGE_BUGREPORT "freetype@nongnu.org"
| /* end confdefs.h.  */
| #include <ac_nonexistent.h>
configure:3209: result: arm-none-linux-gnueabi-gcc -E
configure:3238: arm-none-linux-gnueabi-gcc -E  conftest.c
configure:3245: $? = 0
configure:3276: arm-none-linux-gnueabi-gcc -E  conftest.c
conftest.c:8:28: error: ac_nonexistent.h: No such file or directory
configure:3283: $? = 1
configure: failed program was:
| /* confdefs.h.  */
| #define PACKAGE_NAME "FreeType"
| #define PACKAGE_TARNAME "freetype"
| #define PACKAGE_VERSION "2.3.9"
| #define PACKAGE_STRING "FreeType 2.3.9"
| #define PACKAGE_BUGREPORT "freetype@nongnu.org"
| /* end confdefs.h.  */
| #include <ac_nonexistent.h>
configure:3330: checking for x86_64-unknown-linux-gnu-gcc
configure:3360: result: no
configure:3367: checking for gcc
configure:3383: found /usr/bin/gcc
configure:3394: result: gcc
configure:3404: checking for gcc
configure:3448: result: gcc
configure:3460: checking for suffix of native executables
configure:3475: result: 
configure:3517: checking for rm
configure:3533: found /bin/rm
configure:3544: result: rm -f
configure:3554: checking for rmdir
configure:3570: found /bin/rmdir
configure:3581: result: rmdir
configure:3609: checking for a BSD-compatible install
configure:3677: result: /usr/bin/install -c
configure:3700: checking for grep that handles long lines and -e
configure:3760: result: /bin/grep
configure:3765: checking for egrep
configure:3829: result: /bin/grep -E
configure:3834: checking for ANSI C header files
configure:3864: arm-none-linux-gnueabi-gcc -c -g -O2  conftest.c >&5
configure:3871: $? = 0
configure:4002: result: yes
configure:4026: checking for sys/types.h
configure:4047: arm-none-linux-gnueabi-gcc -c -g -O2  conftest.c >&5
configure:4054: $? = 0
configure:4071: result: yes
configure:4026: checking for sys/stat.h
configure:4047: arm-none-linux-gnueabi-gcc -c -g -O2  conftest.c >&5
configure:4054: $? = 0
configure:4071: result: yes
configure:4026: checking for stdlib.h
configure:4047: arm-none-linux-gnueabi-gcc -c -g -O2  conftest.c >&5
configure:4054: $? = 0
configure:4071: result: yes
configure:4026: checking for string.h
configure:4047: arm-none-linux-gnueabi-gcc -c -g -O2  conftest.c >&5
configure:4054: $? = 0
configure:4071: result: yes
configure:4026: checking for memory.h
configure:4047: arm-none-linux-gnueabi-gcc -c -g -O2  conftest.c >&5
configure:4054: $? = 0
configure:4071: result: yes
configure:4026: checking for strings.h
configure:4047: arm-none-linux-gnueabi-gcc -c -g -O2  conftest.c >&5
configure:4054: $? = 0
configure:4071: result: yes
configure:4026: checking for inttypes.h
configure:4047: arm-none-linux-gnueabi-gcc -c -g -O2  conftest.c >&5
configure:4054: $? = 0
configure:4071: result: yes
configure:4026: checking for stdint.h
configure:4047: arm-none-linux-gnueabi-gcc -c -g -O2  conftest.c >&5
configure:4054: $? = 0
configure:4071: result: yes
configure:4026: checking for unistd.h
configure:4047: arm-none-linux-gnueabi-gcc -c -g -O2  conftest.c >&5
configure:4054: $? = 0
configure:4071: result: yes
configure:4102: checking fcntl.h usability
configure:4119: arm-none-linux-gnueabi-gcc -c -g -O2  conftest.c >&5
configure:4126: $? = 0
configure:4140: result: yes
configure:4144: checking fcntl.h presence
configure:4159: arm-none-linux-gnueabi-gcc -E  conftest.c
configure:4166: $? = 0
configure:4180: result: yes
configure:4213: checking for fcntl.h
configure:4222: result: yes
configure:4091: checking for unistd.h
configure:4098: result: yes
configure:4241: checking for an ANSI C-conforming const
configure:4316: arm-none-linux-gnueabi-gcc -c -g -O2  conftest.c >&5
configure:4323: $? = 0
configure:4338: result: yes
configure:4352: checking size of int
configure:4382: arm-none-linux-gnueabi-gcc -c -g -O2  conftest.c >&5
configure:4389: $? = 0
configure:4419: arm-none-linux-gnueabi-gcc -c -g -O2  conftest.c >&5
conftest.c: In function 'main':
conftest.c:56: error: size of array 'test_array' is negative
configure:4426: $? = 1
configure: failed program was:
| /* confdefs.h.  */
| #define PACKAGE_NAME "FreeType"
| #define PACKAGE_TARNAME "freetype"
| #define PACKAGE_VERSION "2.3.9"
| #define PACKAGE_STRING "FreeType 2.3.9"
| #define PACKAGE_BUGREPORT "freetype@nongnu.org"
| #define STDC_HEADERS 1
| #define HAVE_SYS_TYPES_H 1
| #define HAVE_SYS_STAT_H 1
| #define HAVE_STDLIB_H 1
| #define HAVE_STRING_H 1
| #define HAVE_MEMORY_H 1
| #define HAVE_STRINGS_H 1
| #define HAVE_INTTYPES_H 1
| #define HAVE_STDINT_H 1
| #define HAVE_UNISTD_H 1
| #define HAVE_FCNTL_H 1
| #define HAVE_UNISTD_H 1
| /* end confdefs.h.  */
| #include <stdio.h>
| #ifdef HAVE_SYS_TYPES_H
| # include <sys/types.h>
| #endif
| #ifdef HAVE_SYS_STAT_H
| # include <sys/stat.h>
| #endif
| #ifdef STDC_HEADERS
| # include <stdlib.h>
| # include <stddef.h>
| #else
| # ifdef HAVE_STDLIB_H
| #  include <stdlib.h>
| # endif
| #endif
| #ifdef HAVE_STRING_H
| # if !defined STDC_HEADERS && defined HAVE_MEMORY_H
| #  include <memory.h>
| # endif
| # include <string.h>
| #endif
| #ifdef HAVE_STRINGS_H
| # include <strings.h>
| #endif
| #ifdef HAVE_INTTYPES_H
| # include <inttypes.h>
| #endif
| #ifdef HAVE_STDINT_H
| # include <stdint.h>
| #endif
| #ifdef HAVE_UNISTD_H
| # include <unistd.h>
| #endif
| int
| main ()
| {
| static int test_array [1 - 2 * !(((long int) (sizeof (int))) <= 0)];
| test_array [0] = 0
| 
|   ;
|   return 0;
| }
configure:4419: arm-none-linux-gnueabi-gcc -c -g -O2  conftest.c >&5
conftest.c: In function 'main':
conftest.c:56: error: size of array 'test_array' is negative
configure:4426: $? = 1
configure: failed program was:
| /* confdefs.h.  */
| #define PACKAGE_NAME "FreeType"
| #define PACKAGE_TARNAME "freetype"
| #define PACKAGE_VERSION "2.3.9"
| #define PACKAGE_STRING "FreeType 2.3.9"
| #define PACKAGE_BUGREPORT "freetype@nongnu.org"
| #define STDC_HEADERS 1
| #define HAVE_SYS_TYPES_H 1
| #define HAVE_SYS_STAT_H 1
| #define HAVE_STDLIB_H 1
| #define HAVE_STRING_H 1
| #define HAVE_MEMORY_H 1
| #define HAVE_STRINGS_H 1
| #define HAVE_INTTYPES_H 1
| #define HAVE_STDINT_H 1
| #define HAVE_UNISTD_H 1
| #define HAVE_FCNTL_H 1
| #define HAVE_UNISTD_H 1
| /* end confdefs.h.  */
| #include <stdio.h>
| #ifdef HAVE_SYS_TYPES_H
| # include <sys/types.h>
| #endif
| #ifdef HAVE_SYS_STAT_H
| # include <sys/stat.h>
| #endif
| #ifdef STDC_HEADERS
| # include <stdlib.h>
| # include <stddef.h>
| #else
| # ifdef HAVE_STDLIB_H
| #  include <stdlib.h>
| # endif
| #endif
| #ifdef HAVE_STRING_H
| # if !defined STDC_HEADERS && defined HAVE_MEMORY_H
| #  include <memory.h>
| # endif
| # include <string.h>
| #endif
| #ifdef HAVE_STRINGS_H
| # include <strings.h>
| #endif
| #ifdef HAVE_INTTYPES_H
| # include <inttypes.h>
| #endif
| #ifdef HAVE_STDINT_H
| # include <stdint.h>
| #endif
| #ifdef HAVE_UNISTD_H
| # include <unistd.h>
| #endif
| int
| main ()
| {
| static int test_array [1 - 2 * !(((long int) (sizeof (int))) <= 1)];
| test_array [0] = 0
| 
|   ;
|   return 0;
| }
configure:4419: arm-none-linux-gnueabi-gcc -c -g -O2  conftest.c >&5
conftest.c: In function 'main':
conftest.c:56: error: size of array 'test_array' is negative
configure:4426: $? = 1
configure: failed program was:
| /* confdefs.h.  */
| #define PACKAGE_NAME "FreeType"
| #define PACKAGE_TARNAME "freetype"
| #define PACKAGE_VERSION "2.3.9"
| #define PACKAGE_STRING "FreeType 2.3.9"
| #define PACKAGE_BUGREPORT "freetype@nongnu.org"
| #define STDC_HEADERS 1
| #define HAVE_SYS_TYPES_H 1
| #define HAVE_SYS_STAT_H 1
| #define HAVE_STDLIB_H 1
| #define HAVE_STRING_H 1
| #define HAVE_MEMORY_H 1
| #define HAVE_STRINGS_H 1
| #define HAVE_INTTYPES_H 1
| #define HAVE_STDINT_H 1
| #define HAVE_UNISTD_H 1
| #define HAVE_FCNTL_H 1
| #define HAVE_UNISTD_H 1
| /* end confdefs.h.  */
| #include <stdio.h>
| #ifdef HAVE_SYS_TYPES_H
| # include <sys/types.h>
| #endif
| #ifdef HAVE_SYS_STAT_H
| # include <sys/stat.h>
| #endif
| #ifdef STDC_HEADERS
| # include <stdlib.h>
| # include <stddef.h>
| #else
| # ifdef HAVE_STDLIB_H
| #  include <stdlib.h>
| # endif
| #endif
| #ifdef HAVE_STRING_H
| # if !defined STDC_HEADERS && defined HAVE_MEMORY_H
| #  include <memory.h>
| # endif
| # include <string.h>
| #endif
| #ifdef HAVE_STRINGS_H
| # include <strings.h>
| #endif
| #ifdef HAVE_INTTYPES_H
| # include <inttypes.h>
| #endif
| #ifdef HAVE_STDINT_H
| # include <stdint.h>
| #endif
| #ifdef HAVE_UNISTD_H
| # include <unistd.h>
| #endif
| int
| main ()
| {
| static int test_array [1 - 2 * !(((long int) (sizeof (int))) <= 3)];
| test_array [0] = 0
| 
|   ;
|   return 0;
| }
configure:4419: arm-none-linux-gnueabi-gcc -c -g -O2  conftest.c >&5
configure:4426: $? = 0
configure:4574: arm-none-linux-gnueabi-gcc -c -g -O2  conftest.c >&5
configure:4581: $? = 0
configure:4574: arm-none-linux-gnueabi-gcc -c -g -O2  conftest.c >&5
configure:4581: $? = 0
configure:4697: result: 4
configure:4711: checking size of long
configure:4741: arm-none-linux-gnueabi-gcc -c -g -O2  conftest.c >&5
configure:4748: $? = 0
configure:4778: arm-none-linux-gnueabi-gcc -c -g -O2  conftest.c >&5
conftest.c: In function 'main':
conftest.c:57: error: size of array 'test_array' is negative
configure:4785: $? = 1
configure: failed program was:
| /* confdefs.h.  */
| #define PACKAGE_NAME "FreeType"
| #define PACKAGE_TARNAME "freetype"
| #define PACKAGE_VERSION "2.3.9"
| #define PACKAGE_STRING "FreeType 2.3.9"
| #define PACKAGE_BUGREPORT "freetype@nongnu.org"
| #define STDC_HEADERS 1
| #define HAVE_SYS_TYPES_H 1
| #define HAVE_SYS_STAT_H 1
| #define HAVE_STDLIB_H 1
| #define HAVE_STRING_H 1
| #define HAVE_MEMORY_H 1
| #define HAVE_STRINGS_H 1
| #define HAVE_INTTYPES_H 1
| #define HAVE_STDINT_H 1
| #define HAVE_UNISTD_H 1
| #define HAVE_FCNTL_H 1
| #define HAVE_UNISTD_H 1
| #define SIZEOF_INT 4
| /* end confdefs.h.  */
| #include <stdio.h>
| #ifdef HAVE_SYS_TYPES_H
| # include <sys/types.h>
| #endif
| #ifdef HAVE_SYS_STAT_H
| # include <sys/stat.h>
| #endif
| #ifdef STDC_HEADERS
| # include <stdlib.h>
| # include <stddef.h>
| #else
| # ifdef HAVE_STDLIB_H
| #  include <stdlib.h>
| # endif
| #endif
| #ifdef HAVE_STRING_H
| # if !defined STDC_HEADERS && defined HAVE_MEMORY_H
| #  include <memory.h>
| # endif
| # include <string.h>
| #endif
| #ifdef HAVE_STRINGS_H
| # include <strings.h>
| #endif
| #ifdef HAVE_INTTYPES_H
| # include <inttypes.h>
| #endif
| #ifdef HAVE_STDINT_H
| # include <stdint.h>
| #endif
| #ifdef HAVE_UNISTD_H
| # include <unistd.h>
| #endif
| int
| main ()
| {
| static int test_array [1 - 2 * !(((long int) (sizeof (long))) <= 0)];
| test_array [0] = 0
| 
|   ;
|   return 0;
| }
configure:4778: arm-none-linux-gnueabi-gcc -c -g -O2  conftest.c >&5
conftest.c: In function 'main':
conftest.c:57: error: size of array 'test_array' is negative
configure:4785: $? = 1
configure: failed program was:
| /* confdefs.h.  */
| #define PACKAGE_NAME "FreeType"
| #define PACKAGE_TARNAME "freetype"
| #define PACKAGE_VERSION "2.3.9"
| #define PACKAGE_STRING "FreeType 2.3.9"
| #define PACKAGE_BUGREPORT "freetype@nongnu.org"
| #define STDC_HEADERS 1
| #define HAVE_SYS_TYPES_H 1
| #define HAVE_SYS_STAT_H 1
| #define HAVE_STDLIB_H 1
| #define HAVE_STRING_H 1
| #define HAVE_MEMORY_H 1
| #define HAVE_STRINGS_H 1
| #define HAVE_INTTYPES_H 1
| #define HAVE_STDINT_H 1
| #define HAVE_UNISTD_H 1
| #define HAVE_FCNTL_H 1
| #define HAVE_UNISTD_H 1
| #define SIZEOF_INT 4
| /* end confdefs.h.  */
| #include <stdio.h>
| #ifdef HAVE_SYS_TYPES_H
| # include <sys/types.h>
| #endif
| #ifdef HAVE_SYS_STAT_H
| # include <sys/stat.h>
| #endif
| #ifdef STDC_HEADERS
| # include <stdlib.h>
| # include <stddef.h>
| #else
| # ifdef HAVE_STDLIB_H
| #  include <stdlib.h>
| # endif
| #endif
| #ifdef HAVE_STRING_H
| # if !defined STDC_HEADERS && defined HAVE_MEMORY_H
| #  include <memory.h>
| # endif
| # include <string.h>
| #endif
| #ifdef HAVE_STRINGS_H
| # include <strings.h>
| #endif
| #ifdef HAVE_INTTYPES_H
| # include <inttypes.h>
| #endif
| #ifdef HAVE_STDINT_H
| # include <stdint.h>
| #endif
| #ifdef HAVE_UNISTD_H
| # include <unistd.h>
| #endif
| int
| main ()
| {
| static int test_array [1 - 2 * !(((long int) (sizeof (long))) <= 1)];
| test_array [0] = 0
| 
|   ;
|   return 0;
| }
configure:4778: arm-none-linux-gnueabi-gcc -c -g -O2  conftest.c >&5
conftest.c: In function 'main':
conftest.c:57: error: size of array 'test_array' is negative
configure:4785: $? = 1
configure: failed program was:
| /* confdefs.h.  */
| #define PACKAGE_NAME "FreeType"
| #define PACKAGE_TARNAME "freetype"
| #define PACKAGE_VERSION "2.3.9"
| #define PACKAGE_STRING "FreeType 2.3.9"
| #define PACKAGE_BUGREPORT "freetype@nongnu.org"
| #define STDC_HEADERS 1
| #define HAVE_SYS_TYPES_H 1
| #define HAVE_SYS_STAT_H 1
| #define HAVE_STDLIB_H 1
| #define HAVE_STRING_H 1
| #define HAVE_MEMORY_H 1
| #define HAVE_STRINGS_H 1
| #define HAVE_INTTYPES_H 1
| #define HAVE_STDINT_H 1
| #define HAVE_UNISTD_H 1
| #define HAVE_FCNTL_H 1
| #define HAVE_UNISTD_H 1
| #define SIZEOF_INT 4
| /* end confdefs.h.  */
| #include <stdio.h>
| #ifdef HAVE_SYS_TYPES_H
| # include <sys/types.h>
| #endif
| #ifdef HAVE_SYS_STAT_H
| # include <sys/stat.h>
| #endif
| #ifdef STDC_HEADERS
| # include <stdlib.h>
| # include <stddef.h>
| #else
| # ifdef HAVE_STDLIB_H
| #  include <stdlib.h>
| # endif
| #endif
| #ifdef HAVE_STRING_H
| # if !defined STDC_HEADERS && defined HAVE_MEMORY_H
| #  include <memory.h>
| # endif
| # include <string.h>
| #endif
| #ifdef HAVE_STRINGS_H
| # include <strings.h>
| #endif
| #ifdef HAVE_INTTYPES_H
| # include <inttypes.h>
| #endif
| #ifdef HAVE_STDINT_H
| # include <stdint.h>
| #endif
| #ifdef HAVE_UNISTD_H
| # include <unistd.h>
| #endif
| int
| main ()
| {
| static int test_array [1 - 2 * !(((long int) (sizeof (long))) <= 3)];
| test_array [0] = 0
| 
|   ;
|   return 0;
| }
configure:4778: arm-none-linux-gnueabi-gcc -c -g -O2  conftest.c >&5
configure:4785: $? = 0
configure:4933: arm-none-linux-gnueabi-gcc -c -g -O2  conftest.c >&5
configure:4940: $? = 0
configure:4933: arm-none-linux-gnueabi-gcc -c -g -O2  conftest.c >&5
configure:4940: $? = 0
configure:5056: result: 4
configure:5070: checking cpp computation of bit length in ftconfig.in works
configure:5121: result: yes
configure:5152: checking for stdlib.h
configure:5159: result: yes
configure:5152: checking for unistd.h
configure:5159: result: yes
configure:5302: checking for getpagesize
configure:5358: arm-none-linux-gnueabi-gcc -o conftest -g -O2   conftest.c  >&5
configure:5365: $? = 0
configure:5387: result: yes
configure:5399: checking for working mmap
configure:5577: result: no
configure:5732: checking for memcpy
configure:5788: arm-none-linux-gnueabi-gcc -o conftest -g -O2   conftest.c  >&5
conftest.c:48: warning: conflicting types for built-in function 'memcpy'
configure:5795: $? = 0
configure:5817: result: yes
configure:5732: checking for memmove
configure:5788: arm-none-linux-gnueabi-gcc -o conftest -g -O2   conftest.c  >&5
conftest.c:49: warning: conflicting types for built-in function 'memmove'
configure:5795: $? = 0
configure:5817: result: yes
configure:5841: checking for gzsetparams in -lz
configure:5876: arm-none-linux-gnueabi-gcc -o conftest -g -O2   conftest.c -lz   >&5
configure:5883: $? = 0
configure:5904: result: yes
configure:5917: checking zlib.h usability
configure:5934: arm-none-linux-gnueabi-gcc -c -g -O2  conftest.c >&5
configure:5941: $? = 0
configure:5955: result: yes
configure:5959: checking zlib.h presence
configure:5974: arm-none-linux-gnueabi-gcc -E  conftest.c
configure:5981: $? = 0
configure:5995: result: yes
configure:6028: checking for zlib.h
configure:6035: result: yes
configure:6057: checking whether CFLAGS includes -isysroot option
configure:6081: result: no
configure:6873: checking for a sed that does not truncate output
configure:6939: result: /bin/sed
configure:6957: checking for fgrep
configure:7021: result: /bin/grep -F
configure:7056: checking for ld used by arm-none-linux-gnueabi-gcc
configure:7123: result: arm-none-linux-gnueabi-ld
configure:7132: checking if the linker (arm-none-linux-gnueabi-ld) is GNU ld
configure:7147: result: yes
configure:7159: checking for BSD- or MS-compatible name lister (nm)
configure:7208: result: /opt/FriendlyARM/toolschain/4.4.3/bin/arm-none-linux-gnueabi-nm -B
configure:7326: checking the name lister (/opt/FriendlyARM/toolschain/4.4.3/bin/arm-none-linux-gnueabi-nm -B) interface
configure:7333: arm-none-linux-gnueabi-gcc -c -g -O2 -DFT_CONFIG_OPTION_SYSTEM_ZLIB  conftest.c >&5
configure:7336: /opt/FriendlyARM/toolschain/4.4.3/bin/arm-none-linux-gnueabi-nm -B "conftest.o"
configure:7339: output
00000000 B some_variable
configure:7346: result: BSD nm
configure:7349: checking whether ln -s works
configure:7353: result: yes
configure:7361: checking the maximum length of command line arguments
configure:7481: result: 3458764513820540925
configure:7498: checking whether the shell understands some XSI constructs
configure:7508: result: yes
configure:7512: checking whether the shell understands "+="
configure:7518: result: yes
configure:7553: checking for arm-none-linux-gnueabi-ld option to reload object files
configure:7560: result: -r
configure:7589: checking for arm-none-linux-gnueabi-objdump
configure:7605: found /opt/FriendlyARM/toolschain/4.4.3/bin/arm-none-linux-gnueabi-objdump
configure:7616: result: arm-none-linux-gnueabi-objdump
configure:7685: checking how to recognize dependent libraries
configure:7881: result: pass_all
configure:7901: checking for arm-none-linux-gnueabi-ar
configure:7928: result: arm-none-linux-gnueabi-ar
configure:8006: checking for arm-none-linux-gnueabi-strip
configure:8022: found /opt/FriendlyARM/toolschain/4.4.3/bin/arm-none-linux-gnueabi-strip
configure:8033: result: arm-none-linux-gnueabi-strip
configure:8105: checking for arm-none-linux-gnueabi-ranlib
configure:8121: found /opt/FriendlyARM/toolschain/4.4.3/bin/arm-none-linux-gnueabi-ranlib
configure:8132: result: arm-none-linux-gnueabi-ranlib
configure:8262: checking command to parse /opt/FriendlyARM/toolschain/4.4.3/bin/arm-none-linux-gnueabi-nm -B output from arm-none-linux-gnueabi-gcc object
configure:8380: arm-none-linux-gnueabi-gcc -c -g -O2 -DFT_CONFIG_OPTION_SYSTEM_ZLIB  conftest.c >&5
configure:8383: $? = 0
configure:8387: /opt/FriendlyARM/toolschain/4.4.3/bin/arm-none-linux-gnueabi-nm -B conftest.o \| sed -n -e 's/^.*[	 ]\([ABCDGIRSTW][ABCDGIRSTW]*\)[	 ][	 ]*\([_A-Za-z][_A-Za-z0-9]*\)$/\1 \2 \2/p' \> conftest.nm
configure:8390: $? = 0
configure:8444: arm-none-linux-gnueabi-gcc -o conftest -g -O2 -DFT_CONFIG_OPTION_SYSTEM_ZLIB   -lz conftest.c conftstm.o >&5
configure:8447: $? = 0
configure:8485: result: ok
configure:9350: checking for dlfcn.h
configure:9371: arm-none-linux-gnueabi-gcc -c -g -O2 -DFT_CONFIG_OPTION_SYSTEM_ZLIB  conftest.c >&5
configure:9378: $? = 0
configure:9395: result: yes
configure:9879: checking for objdir
configure:9894: result: .libs
configure:10186: checking if arm-none-linux-gnueabi-gcc supports -fno-rtti -fno-exceptions
configure:10204: arm-none-linux-gnueabi-gcc -c -g -O2 -DFT_CONFIG_OPTION_SYSTEM_ZLIB  -fno-rtti -fno-exceptions conftest.c >&5
cc1: warning: command line option "-fno-rtti" is valid for C++/ObjC++ but not for C
configure:10208: $? = 0
configure:10221: result: no
configure:10241: checking for arm-none-linux-gnueabi-gcc option to produce PIC
configure:10513: result: -fPIC -DPIC
configure:10525: checking if arm-none-linux-gnueabi-gcc PIC flag -fPIC -DPIC works
configure:10543: arm-none-linux-gnueabi-gcc -c -g -O2 -DFT_CONFIG_OPTION_SYSTEM_ZLIB  -fPIC -DPIC -DPIC conftest.c >&5
configure:10547: $? = 0
configure:10560: result: yes
configure:10584: checking if arm-none-linux-gnueabi-gcc static flag -static works
configure:10612: result: yes
configure:10627: checking if arm-none-linux-gnueabi-gcc supports -c -o file.o
configure:10648: arm-none-linux-gnueabi-gcc -c -g -O2 -DFT_CONFIG_OPTION_SYSTEM_ZLIB  -o out/conftest2.o conftest.c >&5
configure:10652: $? = 0
configure:10674: result: yes
configure:10682: checking if arm-none-linux-gnueabi-gcc supports -c -o file.o
configure:10729: result: yes
configure:10762: checking whether the arm-none-linux-gnueabi-gcc linker (arm-none-linux-gnueabi-ld) supports shared libraries
configure:11836: result: yes
configure:11873: checking whether -lc should be explicitly linked in
configure:11878: arm-none-linux-gnueabi-gcc -c -g -O2 -DFT_CONFIG_OPTION_SYSTEM_ZLIB  conftest.c >&5
configure:11881: $? = 0
configure:11896: arm-none-linux-gnueabi-gcc -shared conftest.o  -v -Wl,-soname -Wl,conftest -o conftest 2\>\&1 \| /bin/grep  -lc  \>/dev/null 2\>\&1
configure:11899: $? = 0
configure:11911: result: no
configure:12075: checking dynamic linker characteristics
configure:12518: arm-none-linux-gnueabi-gcc -o conftest -g -O2 -DFT_CONFIG_OPTION_SYSTEM_ZLIB   -lz -Wl,-rpath -Wl,/foo conftest.c  >&5
configure:12525: $? = 0
configure:12758: result: GNU/Linux ld.so
configure:12860: checking how to hardcode library paths into programs
configure:12885: result: immediate
configure:13718: checking whether stripping libraries is possible
configure:13723: result: yes
configure:13758: checking if libtool supports shared libraries
configure:13760: result: yes
configure:13763: checking whether to build shared libraries
configure:13784: result: yes
configure:13787: checking whether to build static libraries
configure:13791: result: yes
configure:13952: creating ./config.status

## ---------------------- ##
## Running config.status. ##
## ---------------------- ##

This file was extended by FreeType config.status 2.3.9, which was
generated by GNU Autoconf 2.63.  Invocation command line was

  CONFIG_FILES    = 
  CONFIG_HEADERS  = 
  CONFIG_LINKS    = 
  CONFIG_COMMANDS = 
  $ ./config.status 

on popy-debian

config.status:979: creating unix-cc.mk
config.status:979: creating unix-def.mk
config.status:979: creating freetype-config
config.status:979: creating freetype2.pc
config.status:979: creating ftconfig.h
config.status:1213: executing libtool commands

## ---------------- ##
## Cache variables. ##
## ---------------- ##

ac_cv_build=x86_64-unknown-linux-gnu
ac_cv_c_compiler_gnu=yes
ac_cv_c_const=yes
ac_cv_env_CC_set=set
ac_cv_env_CC_value=arm-none-linux-gnueabi-gcc
ac_cv_env_CFLAGS_set=
ac_cv_env_CFLAGS_value=
ac_cv_env_CPPFLAGS_set=
ac_cv_env_CPPFLAGS_value=
ac_cv_env_CPP_set=
ac_cv_env_CPP_value=
ac_cv_env_LDFLAGS_set=
ac_cv_env_LDFLAGS_value=
ac_cv_env_LIBS_set=
ac_cv_env_LIBS_value=
ac_cv_env_build_alias_set=
ac_cv_env_build_alias_value=
ac_cv_env_host_alias_set=set
ac_cv_env_host_alias_value=arm-none-linux-gnueabi
ac_cv_env_target_alias_set=
ac_cv_env_target_alias_value=
ac_cv_func_getpagesize=yes
ac_cv_func_memcpy=yes
ac_cv_func_memmove=yes
ac_cv_func_mmap_fixed_mapped=no
ac_cv_header_dlfcn_h=yes
ac_cv_header_fcntl_h=yes
ac_cv_header_inttypes_h=yes
ac_cv_header_memory_h=yes
ac_cv_header_stdc=yes
ac_cv_header_stdint_h=yes
ac_cv_header_stdlib_h=yes
ac_cv_header_string_h=yes
ac_cv_header_strings_h=yes
ac_cv_header_sys_stat_h=yes
ac_cv_header_sys_types_h=yes
ac_cv_header_unistd_h=yes
ac_cv_header_zlib_h=yes
ac_cv_host=arm-none-linux-gnueabi
ac_cv_lib_z_gzsetparams=yes
ac_cv_objext=o
ac_cv_path_EGREP='/bin/grep -E'
ac_cv_path_FGREP='/bin/grep -F'
ac_cv_path_GREP=/bin/grep
ac_cv_path_SED=/bin/sed
ac_cv_path_install='/usr/bin/install -c'
ac_cv_prog_AR=arm-none-linux-gnueabi-ar
ac_cv_prog_CC=arm-none-linux-gnueabi-gcc
ac_cv_prog_CC_BUILD=gcc
ac_cv_prog_CPP='arm-none-linux-gnueabi-gcc -E'
ac_cv_prog_OBJDUMP=arm-none-linux-gnueabi-objdump
ac_cv_prog_RANLIB=arm-none-linux-gnueabi-ranlib
ac_cv_prog_RMDIR=rmdir
ac_cv_prog_RMF='rm -f'
ac_cv_prog_STRIP=arm-none-linux-gnueabi-strip
ac_cv_prog_cc_c89=
ac_cv_prog_cc_g=yes
ac_cv_sizeof_int=4
ac_cv_sizeof_long=4
lt_cv_deplibs_check_method=pass_all
lt_cv_file_magic_cmd='$MAGIC_CMD'
lt_cv_file_magic_test_file=
lt_cv_ld_reload_flag=-r
lt_cv_nm_interface='BSD nm'
lt_cv_objdir=.libs
lt_cv_path_LD=arm-none-linux-gnueabi-ld
lt_cv_path_NM='/opt/FriendlyARM/toolschain/4.4.3/bin/arm-none-linux-gnueabi-nm -B'
lt_cv_prog_compiler_c_o=yes
lt_cv_prog_compiler_pic_works=yes
lt_cv_prog_compiler_rtti_exceptions=no
lt_cv_prog_compiler_static_works=yes
lt_cv_prog_gnu_ld=yes
lt_cv_sys_global_symbol_pipe='sed -n -e '\''s/^.*[	 ]\([ABCDGIRSTW][ABCDGIRSTW]*\)[	 ][	 ]*\([_A-Za-z][_A-Za-z0-9]*\)$/\1 \2 \2/p'\'''
lt_cv_sys_global_symbol_to_c_name_address='sed -n -e '\''s/^: \([^ ]*\) $/  {\"\1\", (void *) 0},/p'\'' -e '\''s/^[ABCDGIRSTW]* \([^ ]*\) \([^ ]*\)$/  {"\2", (void *) \&\2},/p'\'''
lt_cv_sys_global_symbol_to_c_name_address_lib_prefix='sed -n -e '\''s/^: \([^ ]*\) $/  {\"\1\", (void *) 0},/p'\'' -e '\''s/^[ABCDGIRSTW]* \([^ ]*\) \(lib[^ ]*\)$/  {"\2", (void *) \&\2},/p'\'' -e '\''s/^[ABCDGIRSTW]* \([^ ]*\) \([^ ]*\)$/  {"lib\2", (void *) \&\2},/p'\'''
lt_cv_sys_global_symbol_to_cdecl='sed -n -e '\''s/^T .* \(.*\)$/extern int \1();/p'\'' -e '\''s/^[ABCDGIRSTW]* .* \(.*\)$/extern char \1;/p'\'''
lt_cv_sys_max_cmd_len=3458764513820540925

## ----------------- ##
## Output variables. ##
## ----------------- ##

AR='arm-none-linux-gnueabi-ar'
AS='arm-none-linux-gnueabi-as'
CC='arm-none-linux-gnueabi-gcc'
CC_BUILD='gcc'
CFLAGS='-g -O2 -DFT_CONFIG_OPTION_SYSTEM_ZLIB'
CPP='arm-none-linux-gnueabi-gcc -E'
CPPFLAGS=''
DEFS='-DHAVE_CONFIG_H'
DLLTOOL='dlltool'
DSYMUTIL=''
DUMPBIN=''
ECHO_C=''
ECHO_N='-n'
ECHO_T=''
EGREP='/bin/grep -E'
EXEEXT=''
EXEEXT_BUILD=''
FGREP='/bin/grep -F'
FT2_EXTRA_LIBS=''
FTSYS_SRC='$(BASE_DIR)/ftsystem.c'
GREP='/bin/grep'
INSTALL_DATA='${INSTALL} -m 644'
INSTALL_PROGRAM='${INSTALL}'
INSTALL_SCRIPT='${INSTALL}'
LD='arm-none-linux-gnueabi-ld'
LDFLAGS=' -lz'
LIBOBJS=''
LIBS=''
LIBTOOL='$(SHELL) $(top_builddir)/libtool'
LIBZ='-lz'
LIPO=''
LN_S='ln -s'
LTLIBOBJS=''
NM='/opt/FriendlyARM/toolschain/4.4.3/bin/arm-none-linux-gnueabi-nm -B'
NMEDIT=''
OBJDUMP='arm-none-linux-gnueabi-objdump'
OBJEXT='o'
OTOOL64=''
OTOOL=''
PACKAGE_BUGREPORT='freetype@nongnu.org'
PACKAGE_NAME='FreeType'
PACKAGE_STRING='FreeType 2.3.9'
PACKAGE_TARNAME='freetype'
PACKAGE_VERSION='2.3.9'
PATH_SEPARATOR=':'
RANLIB='arm-none-linux-gnueabi-ranlib'
RMDIR='rmdir'
RMF='rm -f'
SED='/bin/sed'
SHELL='/bin/bash'
STRIP='arm-none-linux-gnueabi-strip'
SYSTEM_ZLIB='yes'
XX_ANSIFLAGS=''
XX_CFLAGS=''
ac_ct_CC=''
ac_ct_DUMPBIN=''
bindir='${exec_prefix}/bin'
build='x86_64-unknown-linux-gnu'
build_alias=''
build_cpu='x86_64'
build_libtool_libs=''
build_os='linux-gnu'
build_vendor='unknown'
datadir='${datarootdir}'
datarootdir='${prefix}/share'
docdir='${datarootdir}/doc/${PACKAGE_TARNAME}'
dvidir='${docdir}'
exec_prefix='${prefix}'
ft_version='9.20.3'
ftmac_c=''
hardcode_libdir_flag_spec='${wl}-rpath ${wl}$libdir'
host='arm-none-linux-gnueabi'
host_alias='arm-none-linux-gnueabi'
host_cpu='arm'
host_os='linux-gnueabi'
host_vendor='none'
htmldir='${docdir}'
includedir='${prefix}/include'
infodir='${datarootdir}/info'
libdir='${exec_prefix}/lib'
libexecdir='${exec_prefix}/libexec'
localedir='${datarootdir}/locale'
localstatedir='${prefix}/var'
lt_ECHO='echo'
mandir='${datarootdir}/man'
oldincludedir='/usr/include'
pdfdir='${docdir}'
prefix='/home/barry/Project/xunjia/source/minigui/freetype-2.3.9-fm20100818/../../rootfs'
program_transform_name='s,x,x,'
psdir='${docdir}'
sbindir='${exec_prefix}/sbin'
sharedstatedir='${prefix}/com'
sysconfdir='${prefix}/etc'
target_alias=''
version_info='9:20:3'
wl='-Wl,'

## ----------- ##
## confdefs.h. ##
## ----------- ##

#define PACKAGE_NAME "FreeType"
#define PACKAGE_TARNAME "freetype"
#define PACKAGE_VERSION "2.3.9"
#define PACKAGE_STRING "FreeType 2.3.9"
#define PACKAGE_BUGREPORT "freetype@nongnu.org"
#define STDC_HEADERS 1
#define HAVE_SYS_TYPES_H 1
#define HAVE_SYS_STAT_H 1
#define HAVE_STDLIB_H 1
#define HAVE_STRING_H 1
#define HAVE_MEMORY_H 1
#define HAVE_STRINGS_H 1
#define HAVE_INTTYPES_H 1
#define HAVE_STDINT_H 1
#define HAVE_UNISTD_H 1
#define HAVE_FCNTL_H 1
#define HAVE_UNISTD_H 1
#define SIZEOF_INT 4
#define SIZEOF_LONG 4
#define HAVE_STDLIB_H 1
#define HAVE_UNISTD_H 1
#define HAVE_GETPAGESIZE 1
#define HAVE_MEMCPY 1
#define HAVE_MEMMOVE 1
#define HAVE_DLFCN_H 1
#define LT_OBJDIR ".libs/"

configure: exit 0
