This file contains any messages produced by compilers while
running configure, to aid debugging if configure makes a mistake.

It was created by configure, which was
generated by GNU Autoconf 2.65.  Invocation command line was

  $ ./configure --prefix=/home/barry/Project/xunjia/source/minigui/mg-samples-3.0.12/../../rootfs/ --host=arm-none-linux-gnueabi --build=x86_64-linux MINIGUI_CFLAGS=-I/home/barry/Project/xunjia/source/rootfs/include MINIGUI_LIBS=-L/home/barry/Project/xunjia/source/rootfs/lib CFLAGS=-I/home/barry/Project/xunjia/source/rootfs/include LDFLAGS=-L/home/barry/Project/xunjia/source/rootfs/lib LIBS=-lminigui_ths -ljpeg -lm -lpthread -ldl -lz -lpng  -lts --with-lang=zhcn

## --------- ##
## Platform. ##
## --------- ##

hostname = popy-debian
uname -m = x86_64
uname -r = 3.2.0-4-amd64
uname -s = Linux
uname -v = #1 SMP Debian 3.2.57-3+deb7u2

/usr/bin/uname -p = unknown
/bin/uname -X     = unknown

/bin/arch              = unknown
/usr/bin/arch -k       = unknown
/usr/convex/getsysinfo = unknown
/usr/bin/hostinfo      = unknown
/bin/machine           = unknown
/usr/bin/oslevel       = unknown
/bin/universe          = unknown

PATH: /opt/adt-bundle-linux-x86_64-20140321/eclipse
PATH: /opt/android-sdk-linux/tools
PATH: /opt/android-sdk-linux/platform-tools
PATH: /home/barry/bin
PATH: /usr/local/bin
PATH: /usr/bin
PATH: /bin
PATH: /usr/local/games
PATH: /usr/games
PATH: /usr/lib/jvm/java-7-oracle/bin
PATH: /usr/lib/jvm/java-7-oracle/db/bin
PATH: /usr/lib/jvm/java-7-oracle/jre/bin
PATH: /opt/android-ndk-r9d
PATH: /opt/FriendlyARM/toolschain/4.4.3/bin


## ----------- ##
## Core tests. ##
## ----------- ##

configure:2086: checking build system type
configure:2100: result: x86_64-pc-linux-gnu
configure:2120: checking host system type
configure:2133: result: arm-none-linux-gnueabi
configure:2153: checking target system type
configure:2166: result: arm-none-linux-gnueabi
configure:2194: checking whether make sets $(MAKE)
configure:2216: result: yes
configure:2233: checking for arm-none-linux-gnueabi-gcc
configure:2260: result: arm-none-linux-gnueabi-gcc
configure:2529: checking for C compiler version
configure:2538: arm-none-linux-gnueabi-gcc --version >&5
.arm-none-linux-gnueabi-gcc (ctng-1.6.1) 4.4.3
Copyright (C) 2010 Free Software Foundation, Inc.
This is free software; see the source for copying conditions.  There is NO
warranty; not even for MERCHANTABILITY or FITNESS FOR A PARTICULAR PURPOSE.

configure:2549: $? = 0
configure:2538: arm-none-linux-gnueabi-gcc -v >&5
Using built-in specs.
Target: arm-none-linux-gnueabi
Configured with: /opt/FriendlyARM/mini2440/build-toolschain/working/src/gcc-4.4.3/configure --build=i386-build_redhat-linux-gnu --host=i386-build_redhat-linux-gnu --target=arm-none-linux-gnueabi --prefix=/opt/FriendlyARM/toolschain/4.4.3 --with-sysroot=/opt/FriendlyARM/toolschain/4.4.3/arm-none-linux-gnueabi//sys-root --enable-languages=c,c++ --disable-multilib --with-arch=armv4t --with-cpu=arm920t --with-tune=arm920t --with-float=soft --with-pkgversion=ctng-1.6.1 --disable-sjlj-exceptions --enable-__cxa_atexit --with-gmp=/opt/FriendlyARM/toolschain/4.4.3 --with-mpfr=/opt/FriendlyARM/toolschain/4.4.3 --with-ppl=/opt/FriendlyARM/toolschain/4.4.3 --with-cloog=/opt/FriendlyARM/toolschain/4.4.3 --with-mpc=/opt/FriendlyARM/toolschain/4.4.3 --with-local-prefix=/opt/FriendlyARM/toolschain/4.4.3/arm-none-linux-gnueabi//sys-root --disable-nls --enable-threads=posix --enable-symvers=gnu --enable-c99 --enable-long-long --enable-target-optspace
Thread model: posix
gcc version 4.4.3 (ctng-1.6.1) 
configure:2549: $? = 0
configure:2538: arm-none-linux-gnueabi-gcc -V >&5
.arm-none-linux-gnueabi-gcc: '-V' option must have argument
configure:2549: $? = 1
configure:2538: arm-none-linux-gnueabi-gcc -qversion >&5
.arm-none-linux-gnueabi-gcc: unrecognized option '-qversion'
.arm-none-linux-gnueabi-gcc: no input files
configure:2549: $? = 1
configure:2569: checking whether the C compiler works
configure:2591: arm-none-linux-gnueabi-gcc -I/home/barry/Project/xunjia/source/rootfs/include  -L/home/barry/Project/xunjia/source/rootfs/lib conftest.c -lminigui_ths -ljpeg -lm -lpthread -ldl -lz -lpng  -lts >&5
configure:2595: $? = 0
configure:2644: result: yes
configure:2647: checking for C compiler default output file name
configure:2649: result: a.out
configure:2655: checking for suffix of executables
configure:2662: arm-none-linux-gnueabi-gcc -o conftest -I/home/barry/Project/xunjia/source/rootfs/include  -L/home/barry/Project/xunjia/source/rootfs/lib conftest.c -lminigui_ths -ljpeg -lm -lpthread -ldl -lz -lpng  -lts >&5
configure:2666: $? = 0
configure:2688: result: 
configure:2710: checking whether we are cross compiling
configure:2748: result: yes
configure:2753: checking for suffix of object files
configure:2775: arm-none-linux-gnueabi-gcc -c -I/home/barry/Project/xunjia/source/rootfs/include  conftest.c >&5
configure:2779: $? = 0
configure:2800: result: o
configure:2804: checking whether we are using the GNU C compiler
configure:2823: arm-none-linux-gnueabi-gcc -c -I/home/barry/Project/xunjia/source/rootfs/include  conftest.c >&5
configure:2823: $? = 0
configure:2832: result: yes
configure:2841: checking whether arm-none-linux-gnueabi-gcc accepts -g
configure:2861: arm-none-linux-gnueabi-gcc -c -g  conftest.c >&5
configure:2861: $? = 0
configure:2902: result: yes
configure:2919: checking for arm-none-linux-gnueabi-gcc option to accept ISO C89
configure:2983: arm-none-linux-gnueabi-gcc  -c -I/home/barry/Project/xunjia/source/rootfs/include  conftest.c >&5
configure:2983: $? = 0
configure:2996: result: none needed
configure:3033: checking for a BSD-compatible install
configure:3101: result: /usr/bin/install -c
configure:3112: checking whether build environment is sane
configure:3162: result: yes
configure:3211: checking for arm-none-linux-gnueabi-strip
configure:3227: found /opt/FriendlyARM/toolschain/4.4.3/bin/arm-none-linux-gnueabi-strip
configure:3238: result: arm-none-linux-gnueabi-strip
configure:3303: checking for a thread-safe mkdir -p
configure:3342: result: /bin/mkdir -p
configure:3355: checking for gawk
configure:3371: found /usr/bin/gawk
configure:3382: result: gawk
configure:3414: checking for style of include used by make
configure:3442: result: GNU
configure:3527: checking dependency style of arm-none-linux-gnueabi-gcc
configure:3637: result: gcc3
configure:3655: checking for an ANSI C-conforming const
configure:3720: arm-none-linux-gnueabi-gcc -c -I/home/barry/Project/xunjia/source/rootfs/include  conftest.c >&5
configure:3720: $? = 0
configure:3727: result: yes
configure:3741: checking how to run the C preprocessor
configure:3772: arm-none-linux-gnueabi-gcc -E  conftest.c
configure:3772: $? = 0
configure:3786: arm-none-linux-gnueabi-gcc -E  conftest.c
conftest.c:11:28: error: ac_nonexistent.h: No such file or directory
configure:3786: $? = 1
configure: failed program was:
| /* confdefs.h */
| #define PACKAGE_NAME ""
| #define PACKAGE_TARNAME ""
| #define PACKAGE_VERSION ""
| #define PACKAGE_STRING ""
| #define PACKAGE_BUGREPORT ""
| #define PACKAGE_URL ""
| #define PACKAGE "mg-samples"
| #define VERSION "3.0.12"
| /* end confdefs.h.  */
| #include <ac_nonexistent.h>
configure:3811: result: arm-none-linux-gnueabi-gcc -E
configure:3831: arm-none-linux-gnueabi-gcc -E  conftest.c
configure:3831: $? = 0
configure:3845: arm-none-linux-gnueabi-gcc -E  conftest.c
conftest.c:11:28: error: ac_nonexistent.h: No such file or directory
configure:3845: $? = 1
configure: failed program was:
| /* confdefs.h */
| #define PACKAGE_NAME ""
| #define PACKAGE_TARNAME ""
| #define PACKAGE_VERSION ""
| #define PACKAGE_STRING ""
| #define PACKAGE_BUGREPORT ""
| #define PACKAGE_URL ""
| #define PACKAGE "mg-samples"
| #define VERSION "3.0.12"
| /* end confdefs.h.  */
| #include <ac_nonexistent.h>
configure:3874: checking for grep that handles long lines and -e
configure:3932: result: /bin/grep
configure:3937: checking for egrep
configure:3999: result: /bin/grep -E
configure:4004: checking for ANSI C header files
configure:4024: arm-none-linux-gnueabi-gcc -c -I/home/barry/Project/xunjia/source/rootfs/include  conftest.c >&5
configure:4024: $? = 0
configure:4108: result: yes
configure:4116: checking for sys/wait.h that is POSIX.1 compatible
configure:4142: arm-none-linux-gnueabi-gcc -c -I/home/barry/Project/xunjia/source/rootfs/include  conftest.c >&5
configure:4142: $? = 0
configure:4149: result: yes
configure:4157: checking whether time.h and sys/time.h may both be included
configure:4177: arm-none-linux-gnueabi-gcc -c -I/home/barry/Project/xunjia/source/rootfs/include  conftest.c >&5
configure:4177: $? = 0
configure:4184: result: yes
configure:4197: checking for sys/types.h
configure:4197: arm-none-linux-gnueabi-gcc -c -I/home/barry/Project/xunjia/source/rootfs/include  conftest.c >&5
configure:4197: $? = 0
configure:4197: result: yes
configure:4197: checking for sys/stat.h
configure:4197: arm-none-linux-gnueabi-gcc -c -I/home/barry/Project/xunjia/source/rootfs/include  conftest.c >&5
configure:4197: $? = 0
configure:4197: result: yes
configure:4197: checking for stdlib.h
configure:4197: arm-none-linux-gnueabi-gcc -c -I/home/barry/Project/xunjia/source/rootfs/include  conftest.c >&5
configure:4197: $? = 0
configure:4197: result: yes
configure:4197: checking for string.h
configure:4197: arm-none-linux-gnueabi-gcc -c -I/home/barry/Project/xunjia/source/rootfs/include  conftest.c >&5
configure:4197: $? = 0
configure:4197: result: yes
configure:4197: checking for memory.h
configure:4197: arm-none-linux-gnueabi-gcc -c -I/home/barry/Project/xunjia/source/rootfs/include  conftest.c >&5
configure:4197: $? = 0
configure:4197: result: yes
configure:4197: checking for strings.h
configure:4197: arm-none-linux-gnueabi-gcc -c -I/home/barry/Project/xunjia/source/rootfs/include  conftest.c >&5
configure:4197: $? = 0
configure:4197: result: yes
configure:4197: checking for inttypes.h
configure:4197: arm-none-linux-gnueabi-gcc -c -I/home/barry/Project/xunjia/source/rootfs/include  conftest.c >&5
configure:4197: $? = 0
configure:4197: result: yes
configure:4197: checking for stdint.h
configure:4197: arm-none-linux-gnueabi-gcc -c -I/home/barry/Project/xunjia/source/rootfs/include  conftest.c >&5
configure:4197: $? = 0
configure:4197: result: yes
configure:4197: checking for unistd.h
configure:4197: arm-none-linux-gnueabi-gcc -c -I/home/barry/Project/xunjia/source/rootfs/include  conftest.c >&5
configure:4197: $? = 0
configure:4197: result: yes
configure:4213: checking sys/time.h usability
configure:4213: arm-none-linux-gnueabi-gcc -c -I/home/barry/Project/xunjia/source/rootfs/include  conftest.c >&5
configure:4213: $? = 0
configure:4213: result: yes
configure:4213: checking sys/time.h presence
configure:4213: arm-none-linux-gnueabi-gcc -E  conftest.c
configure:4213: $? = 0
configure:4213: result: yes
configure:4213: checking for sys/time.h
configure:4213: result: yes
configure:4213: checking for unistd.h
configure:4213: result: yes
configure:4228: checking minigui/common.h usability
configure:4228: arm-none-linux-gnueabi-gcc -c -I/home/barry/Project/xunjia/source/rootfs/include  conftest.c >&5
In file included from /home/barry/Project/xunjia/source/rootfs/include/minigui/common.h:59,
                 from conftest.c:58:
/home/barry/Project/xunjia/source/rootfs/include/minigui/mgconfig.h:140:1: warning: "PACKAGE_NAME" redefined
conftest.c:2:1: warning: this is the location of the previous definition
/home/barry/Project/xunjia/source/rootfs/include/minigui/mgconfig.h:143:1: warning: "PACKAGE_STRING" redefined
conftest.c:5:1: warning: this is the location of the previous definition
/home/barry/Project/xunjia/source/rootfs/include/minigui/mgconfig.h:146:1: warning: "PACKAGE_TARNAME" redefined
conftest.c:3:1: warning: this is the location of the previous definition
/home/barry/Project/xunjia/source/rootfs/include/minigui/mgconfig.h:152:1: warning: "PACKAGE_VERSION" redefined
conftest.c:4:1: warning: this is the location of the previous definition
configure:4228: $? = 0
configure:4228: result: yes
configure:4228: checking minigui/common.h presence
configure:4228: arm-none-linux-gnueabi-gcc -E  conftest.c
conftest.c:25:28: error: minigui/common.h: No such file or directory
configure:4228: $? = 1
configure: failed program was:
| /* confdefs.h */
| #define PACKAGE_NAME ""
| #define PACKAGE_TARNAME ""
| #define PACKAGE_VERSION ""
| #define PACKAGE_STRING ""
| #define PACKAGE_BUGREPORT ""
| #define PACKAGE_URL ""
| #define PACKAGE "mg-samples"
| #define VERSION "3.0.12"
| #define STDC_HEADERS 1
| #define HAVE_SYS_WAIT_H 1
| #define TIME_WITH_SYS_TIME 1
| #define HAVE_SYS_TYPES_H 1
| #define HAVE_SYS_STAT_H 1
| #define HAVE_STDLIB_H 1
| #define HAVE_STRING_H 1
| #define HAVE_MEMORY_H 1
| #define HAVE_STRINGS_H 1
| #define HAVE_INTTYPES_H 1
| #define HAVE_STDINT_H 1
| #define HAVE_UNISTD_H 1
| #define HAVE_SYS_TIME_H 1
| #define HAVE_UNISTD_H 1
| /* end confdefs.h.  */
| #include <minigui/common.h>
configure:4228: result: no
configure:4228: WARNING: minigui/common.h: accepted by the compiler, rejected by the preprocessor!
configure:4228: WARNING: minigui/common.h: proceeding with the compiler's result
configure:4228: checking for minigui/common.h
configure:4228: result: yes
configure:4242: checking whether __NOUNIX__ is declared
configure:4242: arm-none-linux-gnueabi-gcc -c -I/home/barry/Project/xunjia/source/rootfs/include  conftest.c >&5
conftest.c: In function 'main':
conftest.c:63: error: '__NOUNIX__' undeclared (first use in this function)
conftest.c:63: error: (Each undeclared identifier is reported only once
conftest.c:63: error: for each function it appears in.)
configure:4242: $? = 1
configure: failed program was:
| /* confdefs.h */
| #define PACKAGE_NAME ""
| #define PACKAGE_TARNAME ""
| #define PACKAGE_VERSION ""
| #define PACKAGE_STRING ""
| #define PACKAGE_BUGREPORT ""
| #define PACKAGE_URL ""
| #define PACKAGE "mg-samples"
| #define VERSION "3.0.12"
| #define STDC_HEADERS 1
| #define HAVE_SYS_WAIT_H 1
| #define TIME_WITH_SYS_TIME 1
| #define HAVE_SYS_TYPES_H 1
| #define HAVE_SYS_STAT_H 1
| #define HAVE_STDLIB_H 1
| #define HAVE_STRING_H 1
| #define HAVE_MEMORY_H 1
| #define HAVE_STRINGS_H 1
| #define HAVE_INTTYPES_H 1
| #define HAVE_STDINT_H 1
| #define HAVE_UNISTD_H 1
| #define HAVE_SYS_TIME_H 1
| #define HAVE_UNISTD_H 1
| #define HAVE_MINIGUI_COMMON_H 1
| /* end confdefs.h.  */
| #include <stdio.h>
| #ifdef HAVE_SYS_TYPES_H
| # include <sys/types.h>
| #endif
| #ifdef HAVE_SYS_STAT_H
| # include <sys/stat.h>
| #endif
| #ifdef STDC_HEADERS
| # include <stdlib.h>
| # include <stddef.h>
| #else
| # ifdef HAVE_STDLIB_H
| #  include <stdlib.h>
| # endif
| #endif
| #ifdef HAVE_STRING_H
| # if !defined STDC_HEADERS && defined HAVE_MEMORY_H
| #  include <memory.h>
| # endif
| # include <string.h>
| #endif
| #ifdef HAVE_STRINGS_H
| # include <strings.h>
| #endif
| #ifdef HAVE_INTTYPES_H
| # include <inttypes.h>
| #endif
| #ifdef HAVE_STDINT_H
| # include <stdint.h>
| #endif
| #ifdef HAVE_UNISTD_H
| # include <unistd.h>
| #endif
| int
| main ()
| {
| #ifndef __NOUNIX__
|   (void) __NOUNIX__;
| #endif
| 
|   ;
|   return 0;
| }
configure:4242: result: no
configure:4260: checking whether _MGRM_PROCESSES is declared
configure:4260: arm-none-linux-gnueabi-gcc -c -I/home/barry/Project/xunjia/source/rootfs/include  conftest.c >&5
In file included from /home/barry/Project/xunjia/source/rootfs/include/minigui/common.h:59,
                 from conftest.c:27:
/home/barry/Project/xunjia/source/rootfs/include/minigui/mgconfig.h:140:1: warning: "PACKAGE_NAME" redefined
conftest.c:2:1: warning: this is the location of the previous definition
/home/barry/Project/xunjia/source/rootfs/include/minigui/mgconfig.h:143:1: warning: "PACKAGE_STRING" redefined
conftest.c:5:1: warning: this is the location of the previous definition
/home/barry/Project/xunjia/source/rootfs/include/minigui/mgconfig.h:146:1: warning: "PACKAGE_TARNAME" redefined
conftest.c:3:1: warning: this is the location of the previous definition
/home/barry/Project/xunjia/source/rootfs/include/minigui/mgconfig.h:152:1: warning: "PACKAGE_VERSION" redefined
conftest.c:4:1: warning: this is the location of the previous definition
conftest.c: In function 'main':
conftest.c:33: error: '_MGRM_PROCESSES' undeclared (first use in this function)
conftest.c:33: error: (Each undeclared identifier is reported only once
conftest.c:33: error: for each function it appears in.)
configure:4260: $? = 1
configure: failed program was:
| /* confdefs.h */
| #define PACKAGE_NAME ""
| #define PACKAGE_TARNAME ""
| #define PACKAGE_VERSION ""
| #define PACKAGE_STRING ""
| #define PACKAGE_BUGREPORT ""
| #define PACKAGE_URL ""
| #define PACKAGE "mg-samples"
| #define VERSION "3.0.12"
| #define STDC_HEADERS 1
| #define HAVE_SYS_WAIT_H 1
| #define TIME_WITH_SYS_TIME 1
| #define HAVE_SYS_TYPES_H 1
| #define HAVE_SYS_STAT_H 1
| #define HAVE_STDLIB_H 1
| #define HAVE_STRING_H 1
| #define HAVE_MEMORY_H 1
| #define HAVE_STRINGS_H 1
| #define HAVE_INTTYPES_H 1
| #define HAVE_STDINT_H 1
| #define HAVE_UNISTD_H 1
| #define HAVE_SYS_TIME_H 1
| #define HAVE_UNISTD_H 1
| #define HAVE_MINIGUI_COMMON_H 1
| #define HAVE_DECL___NOUNIX__ 0
| /* end confdefs.h.  */
| #include <minigui/common.h>
| 
| int
| main ()
| {
| #ifndef _MGRM_PROCESSES
|   (void) _MGRM_PROCESSES;
| #endif
| 
|   ;
|   return 0;
| }
configure:4260: result: no
configure:4323: checking for arm-none-linux-gnueabi-pkg-config
configure:4356: result: no
configure:4366: checking for pkg-config
configure:4384: found /usr/bin/pkg-config
configure:4396: result: /usr/bin/pkg-config
configure:4408: WARNING: using cross tools not prefixed with host triplet
configure:4421: checking pkg-config is at least version 0.9.0
configure:4424: result: yes
configure:4435: checking for MINIGUI
configure:4519: result: yes
configure:4685: creating ./config.status

## ---------------------- ##
## Running config.status. ##
## ---------------------- ##

This file was extended by config.status, which was
generated by GNU Autoconf 2.65.  Invocation command line was

  CONFIG_FILES    = 
  CONFIG_HEADERS  = 
  CONFIG_LINKS    = 
  CONFIG_COMMANDS = 
  $ ./config.status 

on popy-debian

config.status:817: creating Makefile
config.status:817: creating same/Makefile
config.status:817: creating same/res/Makefile
config.status:817: creating graphics/Makefile
config.status:817: creating graphics/res/Makefile
config.status:817: creating housekeeper/Makefile
config.status:817: creating housekeeper/res/Makefile
config.status:817: creating minesweeper/Makefile
config.status:817: creating minesweeper/res/Makefile
config.status:817: creating ctrl_dlg/Makefile
config.status:817: creating ctrl_dlg/res/Makefile
config.status:817: creating lf_skin/Makefile
config.status:817: creating lf_skin/res/Makefile
config.status:817: creating lf_skin/res/skin_res/Makefile
config.status:817: creating lf_skin/res/systemres/Makefile
config.status:817: creating look_feel/Makefile
config.status:817: creating look_feel/res/Makefile
config.status:817: creating font_text/Makefile
config.status:817: creating dbuff/Makefile
config.status:817: creating dbuff/res/Makefile
config.status:817: creating mginit/Makefile
config.status:817: creating mginit/res/Makefile
config.status:817: creating src/Makefile
config.status:817: creating src/res/Makefile
config.status:817: creating notebook/Makefile
config.status:817: creating notebook/res/Makefile
config.status:980: executing depfiles commands

## ---------------- ##
## Cache variables. ##
## ---------------- ##

ac_cv_build=x86_64-pc-linux-gnu
ac_cv_c_compiler_gnu=yes
ac_cv_c_const=yes
ac_cv_env_CC_set=set
ac_cv_env_CC_value=arm-none-linux-gnueabi-gcc
ac_cv_env_CFLAGS_set=set
ac_cv_env_CFLAGS_value=-I/home/barry/Project/xunjia/source/rootfs/include
ac_cv_env_CPPFLAGS_set=
ac_cv_env_CPPFLAGS_value=
ac_cv_env_CPP_set=
ac_cv_env_CPP_value=
ac_cv_env_LDFLAGS_set=set
ac_cv_env_LDFLAGS_value=-L/home/barry/Project/xunjia/source/rootfs/lib
ac_cv_env_LIBS_set=set
ac_cv_env_LIBS_value='-lminigui_ths -ljpeg -lm -lpthread -ldl -lz -lpng  -lts'
ac_cv_env_MINIGUI_CFLAGS_set=set
ac_cv_env_MINIGUI_CFLAGS_value=-I/home/barry/Project/xunjia/source/rootfs/include
ac_cv_env_MINIGUI_LIBS_set=set
ac_cv_env_MINIGUI_LIBS_value=-L/home/barry/Project/xunjia/source/rootfs/lib
ac_cv_env_PKG_CONFIG_set=
ac_cv_env_PKG_CONFIG_value=
ac_cv_env_build_alias_set=set
ac_cv_env_build_alias_value=x86_64-linux
ac_cv_env_host_alias_set=set
ac_cv_env_host_alias_value=arm-none-linux-gnueabi
ac_cv_env_target_alias_set=
ac_cv_env_target_alias_value=
ac_cv_have_decl__MGRM_PROCESSES=no
ac_cv_have_decl___NOUNIX__=no
ac_cv_header_inttypes_h=yes
ac_cv_header_memory_h=yes
ac_cv_header_minigui_common_h=yes
ac_cv_header_stdc=yes
ac_cv_header_stdint_h=yes
ac_cv_header_stdlib_h=yes
ac_cv_header_string_h=yes
ac_cv_header_strings_h=yes
ac_cv_header_sys_stat_h=yes
ac_cv_header_sys_time_h=yes
ac_cv_header_sys_types_h=yes
ac_cv_header_sys_wait_h=yes
ac_cv_header_time=yes
ac_cv_header_unistd_h=yes
ac_cv_host=arm-none-linux-gnueabi
ac_cv_objext=o
ac_cv_path_EGREP='/bin/grep -E'
ac_cv_path_GREP=/bin/grep
ac_cv_path_ac_pt_PKG_CONFIG=/usr/bin/pkg-config
ac_cv_path_install='/usr/bin/install -c'
ac_cv_path_mkdir=/bin/mkdir
ac_cv_prog_AWK=gawk
ac_cv_prog_CC=arm-none-linux-gnueabi-gcc
ac_cv_prog_CPP='arm-none-linux-gnueabi-gcc -E'
ac_cv_prog_STRIP=arm-none-linux-gnueabi-strip
ac_cv_prog_cc_c89=
ac_cv_prog_cc_g=yes
ac_cv_prog_make_make_set=yes
ac_cv_target=arm-none-linux-gnueabi
am_cv_CC_dependencies_compiler_type=gcc3
pkg_cv_MINIGUI_CFLAGS=-I/home/barry/Project/xunjia/source/rootfs/include
pkg_cv_MINIGUI_LIBS=-L/home/barry/Project/xunjia/source/rootfs/lib

## ----------------- ##
## Output variables. ##
## ----------------- ##

ACLOCAL='${SHELL} /home/barry/Project/xunjia/source/minigui/mg-samples-3.0.12/missing --run aclocal-1.11'
AMDEPBACKSLASH='\'
AMDEP_FALSE='#'
AMDEP_TRUE=''
AMTAR='${SHELL} /home/barry/Project/xunjia/source/minigui/mg-samples-3.0.12/missing --run tar'
AUTOCONF='${SHELL} /home/barry/Project/xunjia/source/minigui/mg-samples-3.0.12/missing --run autoconf'
AUTOHEADER='${SHELL} /home/barry/Project/xunjia/source/minigui/mg-samples-3.0.12/missing --run autoheader'
AUTOMAKE='${SHELL} /home/barry/Project/xunjia/source/minigui/mg-samples-3.0.12/missing --run automake-1.11'
AWK='gawk'
CC='arm-none-linux-gnueabi-gcc'
CCDEPMODE='depmode=gcc3'
CFLAGS='-I/home/barry/Project/xunjia/source/rootfs/include -Wall -Wstrict-prototypes -pipe'
CPP='arm-none-linux-gnueabi-gcc -E'
CPPFLAGS=''
CYGPATH_W='echo'
DEFS='-DPACKAGE_NAME=\"\" -DPACKAGE_TARNAME=\"\" -DPACKAGE_VERSION=\"\" -DPACKAGE_STRING=\"\" -DPACKAGE_BUGREPORT=\"\" -DPACKAGE_URL=\"\" -DPACKAGE=\"mg-samples\" -DVERSION=\"3.0.12\" -DSTDC_HEADERS=1 -DHAVE_SYS_WAIT_H=1 -DTIME_WITH_SYS_TIME=1 -DHAVE_SYS_TYPES_H=1 -DHAVE_SYS_STAT_H=1 -DHAVE_STDLIB_H=1 -DHAVE_STRING_H=1 -DHAVE_MEMORY_H=1 -DHAVE_STRINGS_H=1 -DHAVE_INTTYPES_H=1 -DHAVE_STDINT_H=1 -DHAVE_UNISTD_H=1 -DHAVE_SYS_TIME_H=1 -DHAVE_UNISTD_H=1 -DHAVE_MINIGUI_COMMON_H=1 -DHAVE_DECL___NOUNIX__=0 -DHAVE_DECL__MGRM_PROCESSES=0 -D_LANG_ZHCN=1'
DEPDIR='.deps'
ECHO_C=''
ECHO_N='-n'
ECHO_T=''
EGREP='/bin/grep -E'
EXEEXT=''
GREP='/bin/grep'
INSTALL_DATA='${INSTALL} -m 644'
INSTALL_PROGRAM='${INSTALL}'
INSTALL_SCRIPT='${INSTALL}'
INSTALL_STRIP_PROGRAM='$(install_sh) -c -s'
LDFLAGS='-L/home/barry/Project/xunjia/source/rootfs/lib'
LIBOBJS=''
LIBS='-lminigui_ths -ljpeg -lm -lpthread -ldl -lz -lpng  -lts -L/home/barry/Project/xunjia/source/rootfs/lib'
LTLIBOBJS=''
MAKEINFO='${SHELL} /home/barry/Project/xunjia/source/minigui/mg-samples-3.0.12/missing --run makeinfo'
MGRM_PROCESSES_FALSE=''
MGRM_PROCESSES_TRUE='#'
MINIGUI_CFLAGS='-I/home/barry/Project/xunjia/source/rootfs/include'
MINIGUI_LIBS='-L/home/barry/Project/xunjia/source/rootfs/lib'
MKDIR_P='/bin/mkdir -p'
OBJEXT='o'
PACKAGE='mg-samples'
PACKAGE_BUGREPORT=''
PACKAGE_NAME=''
PACKAGE_STRING=''
PACKAGE_TARNAME=''
PACKAGE_URL=''
PACKAGE_VERSION=''
PATH_SEPARATOR=':'
PKG_CONFIG='/usr/bin/pkg-config'
SET_MAKE=''
SHELL='/bin/bash'
STRIP='arm-none-linux-gnueabi-strip'
VERSION='3.0.12'
ac_ct_CC=''
am__EXEEXT_FALSE=''
am__EXEEXT_TRUE='#'
am__fastdepCC_FALSE='#'
am__fastdepCC_TRUE=''
am__include='include'
am__isrc=''
am__leading_dot='.'
am__quote=''
am__tar='${AMTAR} chof - "$$tardir"'
am__untar='${AMTAR} xf -'
bindir='${exec_prefix}/bin'
build='x86_64-pc-linux-gnu'
build_alias='x86_64-linux'
build_cpu='x86_64'
build_os='linux-gnu'
build_vendor='pc'
datadir='${datarootdir}'
datarootdir='${prefix}/share'
docdir='${datarootdir}/doc/${PACKAGE}'
dvidir='${docdir}'
exec_prefix='${prefix}'
host='arm-none-linux-gnueabi'
host_alias='arm-none-linux-gnueabi'
host_cpu='arm'
host_os='linux-gnueabi'
host_vendor='none'
htmldir='${docdir}'
includedir='${prefix}/include'
infodir='${datarootdir}/info'
install_sh='${SHELL} /home/barry/Project/xunjia/source/minigui/mg-samples-3.0.12/install-sh'
libdir='${exec_prefix}/lib'
libexecdir='${exec_prefix}/libexec'
localedir='${datarootdir}/locale'
localstatedir='${prefix}/var'
mandir='${datarootdir}/man'
mkdir_p='/bin/mkdir -p'
oldincludedir='/usr/include'
pdfdir='${docdir}'
prefix='/home/barry/Project/xunjia/source/minigui/mg-samples-3.0.12/../../rootfs'
program_transform_name='s,x,x,'
psdir='${docdir}'
sbindir='${exec_prefix}/sbin'
sharedstatedir='${prefix}/com'
sysconfdir='${prefix}/etc'
target='arm-none-linux-gnueabi'
target_alias=''
target_cpu='arm'
target_os='linux-gnueabi'
target_vendor='none'

## ----------- ##
## confdefs.h. ##
## ----------- ##

/* confdefs.h */
#define PACKAGE_NAME ""
#define PACKAGE_TARNAME ""
#define PACKAGE_VERSION ""
#define PACKAGE_STRING ""
#define PACKAGE_BUGREPORT ""
#define PACKAGE_URL ""
#define PACKAGE "mg-samples"
#define VERSION "3.0.12"
#define STDC_HEADERS 1
#define HAVE_SYS_WAIT_H 1
#define TIME_WITH_SYS_TIME 1
#define HAVE_SYS_TYPES_H 1
#define HAVE_SYS_STAT_H 1
#define HAVE_STDLIB_H 1
#define HAVE_STRING_H 1
#define HAVE_MEMORY_H 1
#define HAVE_STRINGS_H 1
#define HAVE_INTTYPES_H 1
#define HAVE_STDINT_H 1
#define HAVE_UNISTD_H 1
#define HAVE_SYS_TIME_H 1
#define HAVE_UNISTD_H 1
#define HAVE_MINIGUI_COMMON_H 1
#define HAVE_DECL___NOUNIX__ 0
#define HAVE_DECL__MGRM_PROCESSES 0
#define _LANG_ZHCN 1

configure: exit 0
