This file contains any messages produced by compilers while
running configure, to aid debugging if configure makes a mistake.

It was created by libmgplus configure 1.2.4, which was
generated by GNU Autoconf 2.65.  Invocation command line was

  $ ./configure --prefix=/home/barry/Project/xunjia/source/minigui/libmgplus-1.2.4/../../rootfs/ --build=x86_64-linux --host=arm-none-linux-gnueabi --target=arm-none-linux-gnueabi

## --------- ##
## Platform. ##
## --------- ##

hostname = popy-debian
uname -m = x86_64
uname -r = 3.2.0-4-amd64
uname -s = Linux
uname -v = #1 SMP Debian 3.2.57-3+deb7u2

/usr/bin/uname -p = unknown
/bin/uname -X     = unknown

/bin/arch              = unknown
/usr/bin/arch -k       = unknown
/usr/convex/getsysinfo = unknown
/usr/bin/hostinfo      = unknown
/bin/machine           = unknown
/usr/bin/oslevel       = unknown
/bin/universe          = unknown

PATH: /opt/adt-bundle-linux-x86_64-20140321/eclipse
PATH: /opt/android-sdk-linux/tools
PATH: /opt/android-sdk-linux/platform-tools
PATH: /home/barry/bin
PATH: /usr/local/bin
PATH: /usr/bin
PATH: /bin
PATH: /usr/local/games
PATH: /usr/games
PATH: /usr/lib/jvm/java-7-oracle/bin
PATH: /usr/lib/jvm/java-7-oracle/db/bin
PATH: /usr/lib/jvm/java-7-oracle/jre/bin
PATH: /opt/android-ndk-r9d
PATH: /opt/FriendlyARM/toolschain/4.4.3/bin


## ----------- ##
## Core tests. ##
## ----------- ##

configure:2502: checking build system type
configure:2516: result: x86_64-pc-linux-gnu
configure:2536: checking host system type
configure:2549: result: arm-none-linux-gnueabi
configure:2569: checking target system type
configure:2582: result: arm-none-linux-gnueabi
configure:2645: checking for arm-none-linux-gnueabi-gcc
configure:2672: result: arm-none-linux-gnueabi-gcc
configure:2941: checking for C compiler version
configure:2950: arm-none-linux-gnueabi-gcc --version >&5
.arm-none-linux-gnueabi-gcc (ctng-1.6.1) 4.4.3
Copyright (C) 2010 Free Software Foundation, Inc.
This is free software; see the source for copying conditions.  There is NO
warranty; not even for MERCHANTABILITY or FITNESS FOR A PARTICULAR PURPOSE.

configure:2961: $? = 0
configure:2950: arm-none-linux-gnueabi-gcc -v >&5
Using built-in specs.
Target: arm-none-linux-gnueabi
Configured with: /opt/FriendlyARM/mini2440/build-toolschain/working/src/gcc-4.4.3/configure --build=i386-build_redhat-linux-gnu --host=i386-build_redhat-linux-gnu --target=arm-none-linux-gnueabi --prefix=/opt/FriendlyARM/toolschain/4.4.3 --with-sysroot=/opt/FriendlyARM/toolschain/4.4.3/arm-none-linux-gnueabi//sys-root --enable-languages=c,c++ --disable-multilib --with-arch=armv4t --with-cpu=arm920t --with-tune=arm920t --with-float=soft --with-pkgversion=ctng-1.6.1 --disable-sjlj-exceptions --enable-__cxa_atexit --with-gmp=/opt/FriendlyARM/toolschain/4.4.3 --with-mpfr=/opt/FriendlyARM/toolschain/4.4.3 --with-ppl=/opt/FriendlyARM/toolschain/4.4.3 --with-cloog=/opt/FriendlyARM/toolschain/4.4.3 --with-mpc=/opt/FriendlyARM/toolschain/4.4.3 --with-local-prefix=/opt/FriendlyARM/toolschain/4.4.3/arm-none-linux-gnueabi//sys-root --disable-nls --enable-threads=posix --enable-symvers=gnu --enable-c99 --enable-long-long --enable-target-optspace
Thread model: posix
gcc version 4.4.3 (ctng-1.6.1) 
configure:2961: $? = 0
configure:2950: arm-none-linux-gnueabi-gcc -V >&5
.arm-none-linux-gnueabi-gcc: '-V' option must have argument
configure:2961: $? = 1
configure:2950: arm-none-linux-gnueabi-gcc -qversion >&5
.arm-none-linux-gnueabi-gcc: unrecognized option '-qversion'
.arm-none-linux-gnueabi-gcc: no input files
configure:2961: $? = 1
configure:2981: checking whether the C compiler works
configure:3003: arm-none-linux-gnueabi-gcc -I/home/barry/Project/xunjia/source/minigui/libmgplus-1.2.4/../../rootfs/include/  -L/home/barry/Project/xunjia/source/minigui/libmgplus-1.2.4/../../rootfs/lis/ conftest.c  >&5
configure:3007: $? = 0
configure:3056: result: yes
configure:3059: checking for C compiler default output file name
configure:3061: result: a.out
configure:3067: checking for suffix of executables
configure:3074: arm-none-linux-gnueabi-gcc -o conftest -I/home/barry/Project/xunjia/source/minigui/libmgplus-1.2.4/../../rootfs/include/  -L/home/barry/Project/xunjia/source/minigui/libmgplus-1.2.4/../../rootfs/lis/ conftest.c  >&5
configure:3078: $? = 0
configure:3100: result: 
configure:3122: checking whether we are cross compiling
configure:3160: result: yes
configure:3165: checking for suffix of object files
configure:3187: arm-none-linux-gnueabi-gcc -c -I/home/barry/Project/xunjia/source/minigui/libmgplus-1.2.4/../../rootfs/include/  conftest.c >&5
configure:3191: $? = 0
configure:3212: result: o
configure:3216: checking whether we are using the GNU C compiler
configure:3235: arm-none-linux-gnueabi-gcc -c -I/home/barry/Project/xunjia/source/minigui/libmgplus-1.2.4/../../rootfs/include/  conftest.c >&5
configure:3235: $? = 0
configure:3244: result: yes
configure:3253: checking whether arm-none-linux-gnueabi-gcc accepts -g
configure:3273: arm-none-linux-gnueabi-gcc -c -g  conftest.c >&5
configure:3273: $? = 0
configure:3314: result: yes
configure:3331: checking for arm-none-linux-gnueabi-gcc option to accept ISO C89
configure:3395: arm-none-linux-gnueabi-gcc  -c -I/home/barry/Project/xunjia/source/minigui/libmgplus-1.2.4/../../rootfs/include/  conftest.c >&5
configure:3395: $? = 0
configure:3408: result: none needed
configure:3442: checking for arm-none-linux-gnueabi-g++
configure:3458: found /opt/FriendlyARM/toolschain/4.4.3/bin/arm-none-linux-gnueabi-g++
configure:3469: result: arm-none-linux-gnueabi-g++
configure:3540: checking for C++ compiler version
configure:3549: arm-none-linux-gnueabi-g++ --version >&5
.arm-none-linux-gnueabi-g++ (ctng-1.6.1) 4.4.3
Copyright (C) 2010 Free Software Foundation, Inc.
This is free software; see the source for copying conditions.  There is NO
warranty; not even for MERCHANTABILITY or FITNESS FOR A PARTICULAR PURPOSE.

configure:3560: $? = 0
configure:3549: arm-none-linux-gnueabi-g++ -v >&5
Using built-in specs.
Target: arm-none-linux-gnueabi
Configured with: /opt/FriendlyARM/mini2440/build-toolschain/working/src/gcc-4.4.3/configure --build=i386-build_redhat-linux-gnu --host=i386-build_redhat-linux-gnu --target=arm-none-linux-gnueabi --prefix=/opt/FriendlyARM/toolschain/4.4.3 --with-sysroot=/opt/FriendlyARM/toolschain/4.4.3/arm-none-linux-gnueabi//sys-root --enable-languages=c,c++ --disable-multilib --with-arch=armv4t --with-cpu=arm920t --with-tune=arm920t --with-float=soft --with-pkgversion=ctng-1.6.1 --disable-sjlj-exceptions --enable-__cxa_atexit --with-gmp=/opt/FriendlyARM/toolschain/4.4.3 --with-mpfr=/opt/FriendlyARM/toolschain/4.4.3 --with-ppl=/opt/FriendlyARM/toolschain/4.4.3 --with-cloog=/opt/FriendlyARM/toolschain/4.4.3 --with-mpc=/opt/FriendlyARM/toolschain/4.4.3 --with-local-prefix=/opt/FriendlyARM/toolschain/4.4.3/arm-none-linux-gnueabi//sys-root --disable-nls --enable-threads=posix --enable-symvers=gnu --enable-c99 --enable-long-long --enable-target-optspace
Thread model: posix
gcc version 4.4.3 (ctng-1.6.1) 
configure:3560: $? = 0
configure:3549: arm-none-linux-gnueabi-g++ -V >&5
.arm-none-linux-gnueabi-g++: '-V' option must have argument
configure:3560: $? = 1
configure:3549: arm-none-linux-gnueabi-g++ -qversion >&5
.arm-none-linux-gnueabi-g++: unrecognized option '-qversion'
.arm-none-linux-gnueabi-g++: no input files
configure:3560: $? = 1
configure:3564: checking whether we are using the GNU C++ compiler
configure:3583: arm-none-linux-gnueabi-g++ -c -I/home/barry/Project/xunjia/source/minigui/libmgplus-1.2.4/../../rootfs/include/  conftest.cpp >&5
configure:3583: $? = 0
configure:3592: result: yes
configure:3601: checking whether arm-none-linux-gnueabi-g++ accepts -g
configure:3621: arm-none-linux-gnueabi-g++ -c -g  conftest.cpp >&5
configure:3621: $? = 0
configure:3662: result: yes
configure:3707: checking for ld used by GCC
configure:3770: result: /opt/FriendlyARM/toolschain/4.4.3/arm-none-linux-gnueabi/bin/ld
configure:3777: checking if the linker (/opt/FriendlyARM/toolschain/4.4.3/arm-none-linux-gnueabi/bin/ld) is GNU ld
GNU ld (GNU Binutils) 2.20
configure:3789: result: yes
configure:3797: checking for arm-none-linux-gnueabi-ranlib
configure:3813: found /opt/FriendlyARM/toolschain/4.4.3/bin/arm-none-linux-gnueabi-ranlib
configure:3824: result: arm-none-linux-gnueabi-ranlib
configure:3952: checking for /opt/FriendlyARM/toolschain/4.4.3/arm-none-linux-gnueabi/bin/ld option to reload object files
configure:3959: result: -r
configure:3964: checking for BSD-compatible nm
configure:4000: result: /opt/FriendlyARM/toolschain/4.4.3/bin/arm-none-linux-gnueabi-nm -B
configure:4003: checking for a sed that does not truncate output
configure:4085: result: /bin/sed
configure:4088: checking whether ln -s works
configure:4092: result: yes
configure:4099: checking how to recognise dependent libraries
configure:4280: result: file_magic ELF [0-9][0-9]*-bit [LM]SB (shared object|dynamic lib )
configure:4293: checking command to parse /opt/FriendlyARM/toolschain/4.4.3/bin/arm-none-linux-gnueabi-nm -B output
configure:4377: arm-none-linux-gnueabi-gcc -c -I/home/barry/Project/xunjia/source/minigui/libmgplus-1.2.4/../../rootfs/include/  conftest.c >&5
configure:4380: $? = 0
configure:4384: /opt/FriendlyARM/toolschain/4.4.3/bin/arm-none-linux-gnueabi-nm -B conftest.o \| sed -n -e 's/^.*[ 	]\([ABCDGISTW][ABCDGISTW]*\)[ 	][ 	]*\(\)\([_A-Za-z][_A-Za-z0-9]*\)$/\1 \2\3 \3/p' \> conftest.nm
configure:4387: $? = 0
configure:4439: arm-none-linux-gnueabi-gcc -o conftest -I/home/barry/Project/xunjia/source/minigui/libmgplus-1.2.4/../../rootfs/include/  -L/home/barry/Project/xunjia/source/minigui/libmgplus-1.2.4/../../rootfs/lis/ conftest.c conftstm.o >&5
configure:4442: $? = 0
configure:4486: result: ok
configure:4495: checking how to run the C preprocessor
configure:4526: arm-none-linux-gnueabi-gcc -E  conftest.c
configure:4526: $? = 0
configure:4540: arm-none-linux-gnueabi-gcc -E  conftest.c
conftest.c:14:28: error: ac_nonexistent.h: No such file or directory
configure:4540: $? = 1
configure: failed program was:
| /* confdefs.h */
| #define PACKAGE_NAME "libmgplus"
| #define PACKAGE_TARNAME "libmgplus"
| #define PACKAGE_VERSION "1.2.4"
| #define PACKAGE_STRING "libmgplus 1.2.4"
| #define PACKAGE_BUGREPORT ""
| #define PACKAGE_URL ""
| #define MGPLUS_MAJOR_VERSION 1
| #define MGPLUS_MINOR_VERSION 2
| #define MGPLUS_MICRO_VERSION 4
| #define MGPLUS_INTERFACE_AGE 0
| #define MGPLUS_BINARY_AGE 0
| /* end confdefs.h.  */
| #include <ac_nonexistent.h>
configure:4565: result: arm-none-linux-gnueabi-gcc -E
configure:4585: arm-none-linux-gnueabi-gcc -E  conftest.c
configure:4585: $? = 0
configure:4599: arm-none-linux-gnueabi-gcc -E  conftest.c
conftest.c:14:28: error: ac_nonexistent.h: No such file or directory
configure:4599: $? = 1
configure: failed program was:
| /* confdefs.h */
| #define PACKAGE_NAME "libmgplus"
| #define PACKAGE_TARNAME "libmgplus"
| #define PACKAGE_VERSION "1.2.4"
| #define PACKAGE_STRING "libmgplus 1.2.4"
| #define PACKAGE_BUGREPORT ""
| #define PACKAGE_URL ""
| #define MGPLUS_MAJOR_VERSION 1
| #define MGPLUS_MINOR_VERSION 2
| #define MGPLUS_MICRO_VERSION 4
| #define MGPLUS_INTERFACE_AGE 0
| #define MGPLUS_BINARY_AGE 0
| /* end confdefs.h.  */
| #include <ac_nonexistent.h>
configure:4628: checking for grep that handles long lines and -e
configure:4686: result: /bin/grep
configure:4691: checking for egrep
configure:4753: result: /bin/grep -E
configure:4758: checking for ANSI C header files
configure:4778: arm-none-linux-gnueabi-gcc -c -I/home/barry/Project/xunjia/source/minigui/libmgplus-1.2.4/../../rootfs/include/  conftest.c >&5
configure:4778: $? = 0
configure:4862: result: yes
configure:4875: checking for sys/types.h
configure:4875: arm-none-linux-gnueabi-gcc -c -I/home/barry/Project/xunjia/source/minigui/libmgplus-1.2.4/../../rootfs/include/  conftest.c >&5
configure:4875: $? = 0
configure:4875: result: yes
configure:4875: checking for sys/stat.h
configure:4875: arm-none-linux-gnueabi-gcc -c -I/home/barry/Project/xunjia/source/minigui/libmgplus-1.2.4/../../rootfs/include/  conftest.c >&5
configure:4875: $? = 0
configure:4875: result: yes
configure:4875: checking for stdlib.h
configure:4875: arm-none-linux-gnueabi-gcc -c -I/home/barry/Project/xunjia/source/minigui/libmgplus-1.2.4/../../rootfs/include/  conftest.c >&5
configure:4875: $? = 0
configure:4875: result: yes
configure:4875: checking for string.h
configure:4875: arm-none-linux-gnueabi-gcc -c -I/home/barry/Project/xunjia/source/minigui/libmgplus-1.2.4/../../rootfs/include/  conftest.c >&5
configure:4875: $? = 0
configure:4875: result: yes
configure:4875: checking for memory.h
configure:4875: arm-none-linux-gnueabi-gcc -c -I/home/barry/Project/xunjia/source/minigui/libmgplus-1.2.4/../../rootfs/include/  conftest.c >&5
configure:4875: $? = 0
configure:4875: result: yes
configure:4875: checking for strings.h
configure:4875: arm-none-linux-gnueabi-gcc -c -I/home/barry/Project/xunjia/source/minigui/libmgplus-1.2.4/../../rootfs/include/  conftest.c >&5
configure:4875: $? = 0
configure:4875: result: yes
configure:4875: checking for inttypes.h
configure:4875: arm-none-linux-gnueabi-gcc -c -I/home/barry/Project/xunjia/source/minigui/libmgplus-1.2.4/../../rootfs/include/  conftest.c >&5
configure:4875: $? = 0
configure:4875: result: yes
configure:4875: checking for stdint.h
configure:4875: arm-none-linux-gnueabi-gcc -c -I/home/barry/Project/xunjia/source/minigui/libmgplus-1.2.4/../../rootfs/include/  conftest.c >&5
configure:4875: $? = 0
configure:4875: result: yes
configure:4875: checking for unistd.h
configure:4875: arm-none-linux-gnueabi-gcc -c -I/home/barry/Project/xunjia/source/minigui/libmgplus-1.2.4/../../rootfs/include/  conftest.c >&5
configure:4875: $? = 0
configure:4875: result: yes
configure:4890: checking dlfcn.h usability
configure:4890: arm-none-linux-gnueabi-gcc -c -I/home/barry/Project/xunjia/source/minigui/libmgplus-1.2.4/../../rootfs/include/  conftest.c >&5
configure:4890: $? = 0
configure:4890: result: yes
configure:4890: checking dlfcn.h presence
configure:4890: arm-none-linux-gnueabi-gcc -E  conftest.c
configure:4890: $? = 0
configure:4890: result: yes
configure:4890: checking for dlfcn.h
configure:4890: result: yes
configure:4909: checking for arm-none-linux-gnueabi-file
configure:4967: result: no
configure:4973: checking for file
configure:5028: result: /usr/bin/file
configure:5047: checking for arm-none-linux-gnueabi-ranlib
configure:5074: result: arm-none-linux-gnueabi-ranlib
configure:5139: checking for arm-none-linux-gnueabi-strip
configure:5155: found /opt/FriendlyARM/toolschain/4.4.3/bin/arm-none-linux-gnueabi-strip
configure:5166: result: arm-none-linux-gnueabi-strip
configure:5409: checking for objdir
configure:5420: result: .libs
configure:5441: checking for arm-none-linux-gnueabi-gcc option to produce PIC
configure:5587: result: -fPIC
configure:5591: checking if arm-none-linux-gnueabi-gcc PIC flag -fPIC works
configure:5609: arm-none-linux-gnueabi-gcc -c -I/home/barry/Project/xunjia/source/minigui/libmgplus-1.2.4/../../rootfs/include/ -fPIC -DPIC  conftest.c >&5
configure:5609: $? = 0
configure:5643: result: yes
configure:5663: checking if arm-none-linux-gnueabi-gcc static flag -static works
configure:5682: arm-none-linux-gnueabi-gcc -o conftest -I/home/barry/Project/xunjia/source/minigui/libmgplus-1.2.4/../../rootfs/include/  -L/home/barry/Project/xunjia/source/minigui/libmgplus-1.2.4/../../rootfs/lis/ -static conftest.c  >&5
configure:5682: $? = 0
configure:5694: result: yes
configure:5710: checking if arm-none-linux-gnueabi-gcc supports -c -o file.o
configure:5730: arm-none-linux-gnueabi-gcc -c -I/home/barry/Project/xunjia/source/minigui/libmgplus-1.2.4/../../rootfs/include/ -o out/conftest2.o  conftest.c >&5
configure:5754: result: yes
configure:5759: checking if arm-none-linux-gnueabi-gcc supports -c -o file.lo
configure:5781: arm-none-linux-gnueabi-gcc -c -I/home/barry/Project/xunjia/source/minigui/libmgplus-1.2.4/../../rootfs/include/ -c -o conftest.lo  conftest.c >&5
configure:5781: $? = 0
configure:5798: result: yes
configure:5837: checking if arm-none-linux-gnueabi-gcc supports -fno-rtti -fno-exceptions
configure:5854: arm-none-linux-gnueabi-gcc -c -I/home/barry/Project/xunjia/source/minigui/libmgplus-1.2.4/../../rootfs/include/ -fno-rtti -fno-exceptions -c conftest.c  conftest.c >&5
cc1: warning: command line option "-fno-rtti" is valid for C++/ObjC++ but not for C
cc1: warning: command line option "-fno-rtti" is valid for C++/ObjC++ but not for C
configure:5854: $? = 0
configure:5866: result: no
configure:5881: checking whether the linker (/opt/FriendlyARM/toolschain/4.4.3/arm-none-linux-gnueabi/bin/ld) supports shared libraries
configure:6576: result: yes
configure:6585: checking how to hardcode library paths into programs
configure:6609: result: immediate
configure:6618: checking whether stripping libraries is possible
configure:6623: result: yes
configure:6638: checking dynamic linker characteristics
configure:7069: result: GNU/Linux ld.so
configure:7078: checking if libtool supports shared libraries
configure:7080: result: yes
configure:7087: checking whether to build shared libraries
configure:7108: result: yes
configure:7115: checking whether to build static libraries
configure:7119: result: yes
configure:7583: checking whether -lc should be explicitly linked in
configure:7591: arm-none-linux-gnueabi-gcc -c -I/home/barry/Project/xunjia/source/minigui/libmgplus-1.2.4/../../rootfs/include/  conftest.c >&5
configure:7594: $? = 0
configure:7608: arm-none-linux-gnueabi-gcc -shared conftest.o  -v -Wl,-soname -Wl,conftest -o conftest 2\>\&1 \| grep  -lc  \>/dev/null 2\>\&1
configure:7611: $? = 0
configure:7624: result: no
configure:8217: checking for a BSD-compatible install
configure:8285: result: /usr/bin/install -c
configure:8296: checking whether ln -s works
configure:8300: result: yes
configure:8307: checking whether make sets $(MAKE)
configure:8329: result: yes
configure:8341: checking whether build environment is sane
configure:8391: result: yes
configure:8440: checking for arm-none-linux-gnueabi-strip
configure:8467: result: arm-none-linux-gnueabi-strip
configure:8532: checking for a thread-safe mkdir -p
configure:8571: result: /bin/mkdir -p
configure:8584: checking for gawk
configure:8600: found /usr/bin/gawk
configure:8611: result: gawk
configure:8643: checking for style of include used by make
configure:8671: result: GNU
configure:8747: checking dependency style of arm-none-linux-gnueabi-gcc
configure:8857: result: gcc3
configure:8874: checking dependency style of arm-none-linux-gnueabi-g++
configure:8984: result: gcc3
configure:9007: checking for dirent.h that defines DIR
configure:9026: arm-none-linux-gnueabi-gcc -c -I/home/barry/Project/xunjia/source/minigui/libmgplus-1.2.4/../../rootfs/include/  conftest.c >&5
configure:9026: $? = 0
configure:9034: result: yes
configure:9048: checking for library containing opendir
configure:9079: arm-none-linux-gnueabi-gcc -o conftest -I/home/barry/Project/xunjia/source/minigui/libmgplus-1.2.4/../../rootfs/include/  -L/home/barry/Project/xunjia/source/minigui/libmgplus-1.2.4/../../rootfs/lis/ conftest.c  >&5
configure:9079: $? = 0
configure:9096: result: none required
configure:9163: checking for ANSI C header files
configure:9267: result: yes
configure:9275: checking for sys/wait.h that is POSIX.1 compatible
configure:9301: arm-none-linux-gnueabi-gcc -c -I/home/barry/Project/xunjia/source/minigui/libmgplus-1.2.4/../../rootfs/include/  conftest.c >&5
configure:9301: $? = 0
configure:9308: result: yes
configure:9319: checking fcntl.h usability
configure:9319: arm-none-linux-gnueabi-gcc -c -I/home/barry/Project/xunjia/source/minigui/libmgplus-1.2.4/../../rootfs/include/  conftest.c >&5
configure:9319: $? = 0
configure:9319: result: yes
configure:9319: checking fcntl.h presence
configure:9319: arm-none-linux-gnueabi-gcc -E  conftest.c
configure:9319: $? = 0
configure:9319: result: yes
configure:9319: checking for fcntl.h
configure:9319: result: yes
configure:9319: checking for stdlib.h
configure:9319: result: yes
configure:9319: checking for string.h
configure:9319: result: yes
configure:9319: checking sys/ioctl.h usability
configure:9319: arm-none-linux-gnueabi-gcc -c -I/home/barry/Project/xunjia/source/minigui/libmgplus-1.2.4/../../rootfs/include/  conftest.c >&5
configure:9319: $? = 0
configure:9319: result: yes
configure:9319: checking sys/ioctl.h presence
configure:9319: arm-none-linux-gnueabi-gcc -E  conftest.c
configure:9319: $? = 0
configure:9319: result: yes
configure:9319: checking for sys/ioctl.h
configure:9319: result: yes
configure:9319: checking sys/time.h usability
configure:9319: arm-none-linux-gnueabi-gcc -c -I/home/barry/Project/xunjia/source/minigui/libmgplus-1.2.4/../../rootfs/include/  conftest.c >&5
configure:9319: $? = 0
configure:9319: result: yes
configure:9319: checking sys/time.h presence
configure:9319: arm-none-linux-gnueabi-gcc -E  conftest.c
configure:9319: $? = 0
configure:9319: result: yes
configure:9319: checking for sys/time.h
configure:9319: result: yes
configure:9319: checking termio.h usability
configure:9319: arm-none-linux-gnueabi-gcc -c -I/home/barry/Project/xunjia/source/minigui/libmgplus-1.2.4/../../rootfs/include/  conftest.c >&5
configure:9319: $? = 0
configure:9319: result: yes
configure:9319: checking termio.h presence
configure:9319: arm-none-linux-gnueabi-gcc -E  conftest.c
configure:9319: $? = 0
configure:9319: result: yes
configure:9319: checking for termio.h
configure:9319: result: yes
configure:9319: checking termios.h usability
configure:9319: arm-none-linux-gnueabi-gcc -c -I/home/barry/Project/xunjia/source/minigui/libmgplus-1.2.4/../../rootfs/include/  conftest.c >&5
configure:9319: $? = 0
configure:9319: result: yes
configure:9319: checking termios.h presence
configure:9319: arm-none-linux-gnueabi-gcc -E  conftest.c
configure:9319: $? = 0
configure:9319: result: yes
configure:9319: checking for termios.h
configure:9319: result: yes
configure:9319: checking for unistd.h
configure:9319: result: yes
configure:9332: checking for stdbool.h that conforms to C99
configure:9417: arm-none-linux-gnueabi-gcc -c -I/home/barry/Project/xunjia/source/minigui/libmgplus-1.2.4/../../rootfs/include/  conftest.c >&5
configure:9417: $? = 0
configure:9424: result: yes
configure:9426: checking for _Bool
configure:9426: arm-none-linux-gnueabi-gcc -c -I/home/barry/Project/xunjia/source/minigui/libmgplus-1.2.4/../../rootfs/include/  conftest.c >&5
configure:9426: $? = 0
configure:9426: arm-none-linux-gnueabi-gcc -c -I/home/barry/Project/xunjia/source/minigui/libmgplus-1.2.4/../../rootfs/include/  conftest.c >&5
conftest.c: In function 'main':
conftest.c:72: error: expected expression before ')' token
configure:9426: $? = 1
configure: failed program was:
| /* confdefs.h */
| #define PACKAGE_NAME "libmgplus"
| #define PACKAGE_TARNAME "libmgplus"
| #define PACKAGE_VERSION "1.2.4"
| #define PACKAGE_STRING "libmgplus 1.2.4"
| #define PACKAGE_BUGREPORT ""
| #define PACKAGE_URL ""
| #define MGPLUS_MAJOR_VERSION 1
| #define MGPLUS_MINOR_VERSION 2
| #define MGPLUS_MICRO_VERSION 4
| #define MGPLUS_INTERFACE_AGE 0
| #define MGPLUS_BINARY_AGE 0
| #define STDC_HEADERS 1
| #define HAVE_SYS_TYPES_H 1
| #define HAVE_SYS_STAT_H 1
| #define HAVE_STDLIB_H 1
| #define HAVE_STRING_H 1
| #define HAVE_MEMORY_H 1
| #define HAVE_STRINGS_H 1
| #define HAVE_INTTYPES_H 1
| #define HAVE_STDINT_H 1
| #define HAVE_UNISTD_H 1
| #define HAVE_DLFCN_H 1
| #define HAVE_DIRENT_H 1
| #define STDC_HEADERS 1
| #define HAVE_SYS_WAIT_H 1
| #define HAVE_FCNTL_H 1
| #define HAVE_STDLIB_H 1
| #define HAVE_STRING_H 1
| #define HAVE_SYS_IOCTL_H 1
| #define HAVE_SYS_TIME_H 1
| #define HAVE_TERMIO_H 1
| #define HAVE_TERMIOS_H 1
| #define HAVE_UNISTD_H 1
| /* end confdefs.h.  */
| #include <stdio.h>
| #ifdef HAVE_SYS_TYPES_H
| # include <sys/types.h>
| #endif
| #ifdef HAVE_SYS_STAT_H
| # include <sys/stat.h>
| #endif
| #ifdef STDC_HEADERS
| # include <stdlib.h>
| # include <stddef.h>
| #else
| # ifdef HAVE_STDLIB_H
| #  include <stdlib.h>
| # endif
| #endif
| #ifdef HAVE_STRING_H
| # if !defined STDC_HEADERS && defined HAVE_MEMORY_H
| #  include <memory.h>
| # endif
| # include <string.h>
| #endif
| #ifdef HAVE_STRINGS_H
| # include <strings.h>
| #endif
| #ifdef HAVE_INTTYPES_H
| # include <inttypes.h>
| #endif
| #ifdef HAVE_STDINT_H
| # include <stdint.h>
| #endif
| #ifdef HAVE_UNISTD_H
| # include <unistd.h>
| #endif
| int
| main ()
| {
| if (sizeof ((_Bool)))
| 	    return 0;
|   ;
|   return 0;
| }
configure:9426: result: yes
configure:9442: checking for an ANSI C-conforming const
configure:9507: arm-none-linux-gnueabi-gcc -c -I/home/barry/Project/xunjia/source/minigui/libmgplus-1.2.4/../../rootfs/include/  conftest.c >&5
configure:9507: $? = 0
configure:9514: result: yes
configure:9522: checking for inline
configure:9538: arm-none-linux-gnueabi-gcc -c -I/home/barry/Project/xunjia/source/minigui/libmgplus-1.2.4/../../rootfs/include/  conftest.c >&5
configure:9538: $? = 0
configure:9546: result: inline
configure:9564: checking for pid_t
configure:9564: arm-none-linux-gnueabi-gcc -c -I/home/barry/Project/xunjia/source/minigui/libmgplus-1.2.4/../../rootfs/include/  conftest.c >&5
configure:9564: $? = 0
configure:9564: arm-none-linux-gnueabi-gcc -c -I/home/barry/Project/xunjia/source/minigui/libmgplus-1.2.4/../../rootfs/include/  conftest.c >&5
conftest.c: In function 'main':
conftest.c:74: error: expected expression before ')' token
configure:9564: $? = 1
configure: failed program was:
| /* confdefs.h */
| #define PACKAGE_NAME "libmgplus"
| #define PACKAGE_TARNAME "libmgplus"
| #define PACKAGE_VERSION "1.2.4"
| #define PACKAGE_STRING "libmgplus 1.2.4"
| #define PACKAGE_BUGREPORT ""
| #define PACKAGE_URL ""
| #define MGPLUS_MAJOR_VERSION 1
| #define MGPLUS_MINOR_VERSION 2
| #define MGPLUS_MICRO_VERSION 4
| #define MGPLUS_INTERFACE_AGE 0
| #define MGPLUS_BINARY_AGE 0
| #define STDC_HEADERS 1
| #define HAVE_SYS_TYPES_H 1
| #define HAVE_SYS_STAT_H 1
| #define HAVE_STDLIB_H 1
| #define HAVE_STRING_H 1
| #define HAVE_MEMORY_H 1
| #define HAVE_STRINGS_H 1
| #define HAVE_INTTYPES_H 1
| #define HAVE_STDINT_H 1
| #define HAVE_UNISTD_H 1
| #define HAVE_DLFCN_H 1
| #define HAVE_DIRENT_H 1
| #define STDC_HEADERS 1
| #define HAVE_SYS_WAIT_H 1
| #define HAVE_FCNTL_H 1
| #define HAVE_STDLIB_H 1
| #define HAVE_STRING_H 1
| #define HAVE_SYS_IOCTL_H 1
| #define HAVE_SYS_TIME_H 1
| #define HAVE_TERMIO_H 1
| #define HAVE_TERMIOS_H 1
| #define HAVE_UNISTD_H 1
| #define HAVE__BOOL 1
| #define HAVE_STDBOOL_H 1
| /* end confdefs.h.  */
| #include <stdio.h>
| #ifdef HAVE_SYS_TYPES_H
| # include <sys/types.h>
| #endif
| #ifdef HAVE_SYS_STAT_H
| # include <sys/stat.h>
| #endif
| #ifdef STDC_HEADERS
| # include <stdlib.h>
| # include <stddef.h>
| #else
| # ifdef HAVE_STDLIB_H
| #  include <stdlib.h>
| # endif
| #endif
| #ifdef HAVE_STRING_H
| # if !defined STDC_HEADERS && defined HAVE_MEMORY_H
| #  include <memory.h>
| # endif
| # include <string.h>
| #endif
| #ifdef HAVE_STRINGS_H
| # include <strings.h>
| #endif
| #ifdef HAVE_INTTYPES_H
| # include <inttypes.h>
| #endif
| #ifdef HAVE_STDINT_H
| # include <stdint.h>
| #endif
| #ifdef HAVE_UNISTD_H
| # include <unistd.h>
| #endif
| int
| main ()
| {
| if (sizeof ((pid_t)))
| 	    return 0;
|   ;
|   return 0;
| }
configure:9564: result: yes
configure:9575: checking whether struct tm is in sys/time.h or time.h
configure:9595: arm-none-linux-gnueabi-gcc -c -I/home/barry/Project/xunjia/source/minigui/libmgplus-1.2.4/../../rootfs/include/  conftest.c >&5
configure:9595: $? = 0
configure:9602: result: time.h
configure:9612: checking whether closedir returns void
configure:9646: result: yes
configure:9656: checking vfork.h usability
configure:9656: arm-none-linux-gnueabi-gcc -c -I/home/barry/Project/xunjia/source/minigui/libmgplus-1.2.4/../../rootfs/include/  conftest.c >&5
conftest.c:72:19: error: vfork.h: No such file or directory
configure:9656: $? = 1
configure: failed program was:
| /* confdefs.h */
| #define PACKAGE_NAME "libmgplus"
| #define PACKAGE_TARNAME "libmgplus"
| #define PACKAGE_VERSION "1.2.4"
| #define PACKAGE_STRING "libmgplus 1.2.4"
| #define PACKAGE_BUGREPORT ""
| #define PACKAGE_URL ""
| #define MGPLUS_MAJOR_VERSION 1
| #define MGPLUS_MINOR_VERSION 2
| #define MGPLUS_MICRO_VERSION 4
| #define MGPLUS_INTERFACE_AGE 0
| #define MGPLUS_BINARY_AGE 0
| #define STDC_HEADERS 1
| #define HAVE_SYS_TYPES_H 1
| #define HAVE_SYS_STAT_H 1
| #define HAVE_STDLIB_H 1
| #define HAVE_STRING_H 1
| #define HAVE_MEMORY_H 1
| #define HAVE_STRINGS_H 1
| #define HAVE_INTTYPES_H 1
| #define HAVE_STDINT_H 1
| #define HAVE_UNISTD_H 1
| #define HAVE_DLFCN_H 1
| #define HAVE_DIRENT_H 1
| #define STDC_HEADERS 1
| #define HAVE_SYS_WAIT_H 1
| #define HAVE_FCNTL_H 1
| #define HAVE_STDLIB_H 1
| #define HAVE_STRING_H 1
| #define HAVE_SYS_IOCTL_H 1
| #define HAVE_SYS_TIME_H 1
| #define HAVE_TERMIO_H 1
| #define HAVE_TERMIOS_H 1
| #define HAVE_UNISTD_H 1
| #define HAVE__BOOL 1
| #define HAVE_STDBOOL_H 1
| #define CLOSEDIR_VOID 1
| /* end confdefs.h.  */
| #include <stdio.h>
| #ifdef HAVE_SYS_TYPES_H
| # include <sys/types.h>
| #endif
| #ifdef HAVE_SYS_STAT_H
| # include <sys/stat.h>
| #endif
| #ifdef STDC_HEADERS
| # include <stdlib.h>
| # include <stddef.h>
| #else
| # ifdef HAVE_STDLIB_H
| #  include <stdlib.h>
| # endif
| #endif
| #ifdef HAVE_STRING_H
| # if !defined STDC_HEADERS && defined HAVE_MEMORY_H
| #  include <memory.h>
| # endif
| # include <string.h>
| #endif
| #ifdef HAVE_STRINGS_H
| # include <strings.h>
| #endif
| #ifdef HAVE_INTTYPES_H
| # include <inttypes.h>
| #endif
| #ifdef HAVE_STDINT_H
| # include <stdint.h>
| #endif
| #ifdef HAVE_UNISTD_H
| # include <unistd.h>
| #endif
| #include <vfork.h>
configure:9656: result: no
configure:9656: checking vfork.h presence
configure:9656: arm-none-linux-gnueabi-gcc -E  conftest.c
conftest.c:39:19: error: vfork.h: No such file or directory
configure:9656: $? = 1
configure: failed program was:
| /* confdefs.h */
| #define PACKAGE_NAME "libmgplus"
| #define PACKAGE_TARNAME "libmgplus"
| #define PACKAGE_VERSION "1.2.4"
| #define PACKAGE_STRING "libmgplus 1.2.4"
| #define PACKAGE_BUGREPORT ""
| #define PACKAGE_URL ""
| #define MGPLUS_MAJOR_VERSION 1
| #define MGPLUS_MINOR_VERSION 2
| #define MGPLUS_MICRO_VERSION 4
| #define MGPLUS_INTERFACE_AGE 0
| #define MGPLUS_BINARY_AGE 0
| #define STDC_HEADERS 1
| #define HAVE_SYS_TYPES_H 1
| #define HAVE_SYS_STAT_H 1
| #define HAVE_STDLIB_H 1
| #define HAVE_STRING_H 1
| #define HAVE_MEMORY_H 1
| #define HAVE_STRINGS_H 1
| #define HAVE_INTTYPES_H 1
| #define HAVE_STDINT_H 1
| #define HAVE_UNISTD_H 1
| #define HAVE_DLFCN_H 1
| #define HAVE_DIRENT_H 1
| #define STDC_HEADERS 1
| #define HAVE_SYS_WAIT_H 1
| #define HAVE_FCNTL_H 1
| #define HAVE_STDLIB_H 1
| #define HAVE_STRING_H 1
| #define HAVE_SYS_IOCTL_H 1
| #define HAVE_SYS_TIME_H 1
| #define HAVE_TERMIO_H 1
| #define HAVE_TERMIOS_H 1
| #define HAVE_UNISTD_H 1
| #define HAVE__BOOL 1
| #define HAVE_STDBOOL_H 1
| #define CLOSEDIR_VOID 1
| /* end confdefs.h.  */
| #include <vfork.h>
configure:9656: result: no
configure:9656: checking for vfork.h
configure:9656: result: no
configure:9669: checking for fork
configure:9669: arm-none-linux-gnueabi-gcc -o conftest -I/home/barry/Project/xunjia/source/minigui/libmgplus-1.2.4/../../rootfs/include/  -L/home/barry/Project/xunjia/source/minigui/libmgplus-1.2.4/../../rootfs/lis/ conftest.c  >&5
conftest.c:62: warning: conflicting types for built-in function 'fork'
configure:9669: $? = 0
configure:9669: result: yes
configure:9669: checking for vfork
configure:9669: arm-none-linux-gnueabi-gcc -o conftest -I/home/barry/Project/xunjia/source/minigui/libmgplus-1.2.4/../../rootfs/include/  -L/home/barry/Project/xunjia/source/minigui/libmgplus-1.2.4/../../rootfs/lis/ conftest.c  >&5
configure:9669: $? = 0
configure:9669: result: yes
configure:9680: checking for working fork
configure:9712: result: cross
configure:9728: WARNING: result yes guessed because of cross compilation
configure:9733: checking for working vfork
configure:9843: result: yes
configure:9869: checking whether arm-none-linux-gnueabi-gcc needs -traditional
configure:9903: result: no
configure:9910: checking whether lstat correctly handles trailing slash
configure:9953: result: no
configure:9972: checking whether stat accepts an empty string
configure:10002: result: yes
configure:10020: checking for vprintf
configure:10020: arm-none-linux-gnueabi-gcc -o conftest -I/home/barry/Project/xunjia/source/minigui/libmgplus-1.2.4/../../rootfs/include/  -L/home/barry/Project/xunjia/source/minigui/libmgplus-1.2.4/../../rootfs/lis/ conftest.c  >&5
conftest.c:67: warning: conflicting types for built-in function 'vprintf'
configure:10020: $? = 0
configure:10020: result: yes
configure:10026: checking for _doprnt
configure:10026: arm-none-linux-gnueabi-gcc -o conftest -I/home/barry/Project/xunjia/source/minigui/libmgplus-1.2.4/../../rootfs/include/  -L/home/barry/Project/xunjia/source/minigui/libmgplus-1.2.4/../../rootfs/lis/ conftest.c  >&5
/tmp/cceEZWWq.o: In function `main':
conftest.c:(.text+0x8): undefined reference to `_doprnt'
collect2: ld returned 1 exit status
configure:10026: $? = 1
configure: failed program was:
| /* confdefs.h */
| #define PACKAGE_NAME "libmgplus"
| #define PACKAGE_TARNAME "libmgplus"
| #define PACKAGE_VERSION "1.2.4"
| #define PACKAGE_STRING "libmgplus 1.2.4"
| #define PACKAGE_BUGREPORT ""
| #define PACKAGE_URL ""
| #define MGPLUS_MAJOR_VERSION 1
| #define MGPLUS_MINOR_VERSION 2
| #define MGPLUS_MICRO_VERSION 4
| #define MGPLUS_INTERFACE_AGE 0
| #define MGPLUS_BINARY_AGE 0
| #define STDC_HEADERS 1
| #define HAVE_SYS_TYPES_H 1
| #define HAVE_SYS_STAT_H 1
| #define HAVE_STDLIB_H 1
| #define HAVE_STRING_H 1
| #define HAVE_MEMORY_H 1
| #define HAVE_STRINGS_H 1
| #define HAVE_INTTYPES_H 1
| #define HAVE_STDINT_H 1
| #define HAVE_UNISTD_H 1
| #define HAVE_DLFCN_H 1
| #define HAVE_DIRENT_H 1
| #define STDC_HEADERS 1
| #define HAVE_SYS_WAIT_H 1
| #define HAVE_FCNTL_H 1
| #define HAVE_STDLIB_H 1
| #define HAVE_STRING_H 1
| #define HAVE_SYS_IOCTL_H 1
| #define HAVE_SYS_TIME_H 1
| #define HAVE_TERMIO_H 1
| #define HAVE_TERMIOS_H 1
| #define HAVE_UNISTD_H 1
| #define HAVE__BOOL 1
| #define HAVE_STDBOOL_H 1
| #define CLOSEDIR_VOID 1
| #define HAVE_FORK 1
| #define HAVE_VFORK 1
| #define HAVE_WORKING_VFORK 1
| #define HAVE_WORKING_FORK 1
| #define HAVE_STAT_EMPTY_STRING_BUG 1
| #define HAVE_VPRINTF 1
| /* end confdefs.h.  */
| /* Define _doprnt to an innocuous variant, in case <limits.h> declares _doprnt.
|    For example, HP-UX 11i <limits.h> declares gettimeofday.  */
| #define _doprnt innocuous__doprnt
| 
| /* System header to define __stub macros and hopefully few prototypes,
|     which can conflict with char _doprnt (); below.
|     Prefer <limits.h> to <assert.h> if __STDC__ is defined, since
|     <limits.h> exists even on freestanding compilers.  */
| 
| #ifdef __STDC__
| # include <limits.h>
| #else
| # include <assert.h>
| #endif
| 
| #undef _doprnt
| 
| /* Override any GCC internal prototype to avoid an error.
|    Use char because int might match the return type of a GCC
|    builtin and then its argument prototype would still apply.  */
| #ifdef __cplusplus
| extern "C"
| #endif
| char _doprnt ();
| /* The GNU C library defines this for functions which it implements
|     to always fail with ENOSYS.  Some functions are actually named
|     something starting with __ and the normal name is an alias.  */
| #if defined __stub__doprnt || defined __stub____doprnt
| choke me
| #endif
| 
| int
| main ()
| {
| return _doprnt ();
|   ;
|   return 0;
| }
configure:10026: result: no
configure:10040: checking for bzero
configure:10040: arm-none-linux-gnueabi-gcc -o conftest -I/home/barry/Project/xunjia/source/minigui/libmgplus-1.2.4/../../rootfs/include/  -L/home/barry/Project/xunjia/source/minigui/libmgplus-1.2.4/../../rootfs/lis/ conftest.c  >&5
conftest.c:68: warning: conflicting types for built-in function 'bzero'
configure:10040: $? = 0
configure:10040: result: yes
configure:10040: checking for dup2
configure:10040: arm-none-linux-gnueabi-gcc -o conftest -I/home/barry/Project/xunjia/source/minigui/libmgplus-1.2.4/../../rootfs/include/  -L/home/barry/Project/xunjia/source/minigui/libmgplus-1.2.4/../../rootfs/lis/ conftest.c  >&5
configure:10040: $? = 0
configure:10040: result: yes
configure:10040: checking for getcwd
configure:10040: arm-none-linux-gnueabi-gcc -o conftest -I/home/barry/Project/xunjia/source/minigui/libmgplus-1.2.4/../../rootfs/include/  -L/home/barry/Project/xunjia/source/minigui/libmgplus-1.2.4/../../rootfs/lis/ conftest.c  >&5
configure:10040: $? = 0
configure:10040: result: yes
configure:10040: checking for memmove
configure:10040: arm-none-linux-gnueabi-gcc -o conftest -I/home/barry/Project/xunjia/source/minigui/libmgplus-1.2.4/../../rootfs/include/  -L/home/barry/Project/xunjia/source/minigui/libmgplus-1.2.4/../../rootfs/lis/ conftest.c  >&5
conftest.c:71: warning: conflicting types for built-in function 'memmove'
configure:10040: $? = 0
configure:10040: result: yes
configure:10040: checking for memset
configure:10040: arm-none-linux-gnueabi-gcc -o conftest -I/home/barry/Project/xunjia/source/minigui/libmgplus-1.2.4/../../rootfs/include/  -L/home/barry/Project/xunjia/source/minigui/libmgplus-1.2.4/../../rootfs/lis/ conftest.c  >&5
conftest.c:72: warning: conflicting types for built-in function 'memset'
configure:10040: $? = 0
configure:10040: result: yes
configure:10040: checking for putenv
configure:10040: arm-none-linux-gnueabi-gcc -o conftest -I/home/barry/Project/xunjia/source/minigui/libmgplus-1.2.4/../../rootfs/include/  -L/home/barry/Project/xunjia/source/minigui/libmgplus-1.2.4/../../rootfs/lis/ conftest.c  >&5
configure:10040: $? = 0
configure:10040: result: yes
configure:10040: checking for strchr
configure:10040: arm-none-linux-gnueabi-gcc -o conftest -I/home/barry/Project/xunjia/source/minigui/libmgplus-1.2.4/../../rootfs/include/  -L/home/barry/Project/xunjia/source/minigui/libmgplus-1.2.4/../../rootfs/lis/ conftest.c  >&5
conftest.c:74: warning: conflicting types for built-in function 'strchr'
configure:10040: $? = 0
configure:10040: result: yes
configure:10040: checking for strdup
configure:10040: arm-none-linux-gnueabi-gcc -o conftest -I/home/barry/Project/xunjia/source/minigui/libmgplus-1.2.4/../../rootfs/include/  -L/home/barry/Project/xunjia/source/minigui/libmgplus-1.2.4/../../rootfs/lis/ conftest.c  >&5
conftest.c:75: warning: conflicting types for built-in function 'strdup'
configure:10040: $? = 0
configure:10040: result: yes
configure:10040: checking for strerror
configure:10040: arm-none-linux-gnueabi-gcc -o conftest -I/home/barry/Project/xunjia/source/minigui/libmgplus-1.2.4/../../rootfs/include/  -L/home/barry/Project/xunjia/source/minigui/libmgplus-1.2.4/../../rootfs/lis/ conftest.c  >&5
configure:10040: $? = 0
configure:10040: result: yes
configure:10040: checking for strstr
configure:10040: arm-none-linux-gnueabi-gcc -o conftest -I/home/barry/Project/xunjia/source/minigui/libmgplus-1.2.4/../../rootfs/include/  -L/home/barry/Project/xunjia/source/minigui/libmgplus-1.2.4/../../rootfs/lis/ conftest.c  >&5
conftest.c:77: warning: conflicting types for built-in function 'strstr'
configure:10040: $? = 0
configure:10040: result: yes
configure:10054: checking minigui/common.h usability
configure:10054: arm-none-linux-gnueabi-gcc -c -I/home/barry/Project/xunjia/source/minigui/libmgplus-1.2.4/../../rootfs/include/  conftest.c >&5
In file included from /home/barry/Project/xunjia/source/minigui/libmgplus-1.2.4/../../rootfs/include/minigui/common.h:59,
                 from conftest.c:88:
/home/barry/Project/xunjia/source/minigui/libmgplus-1.2.4/../../rootfs/include/minigui/mgconfig.h:140:1: warning: "PACKAGE_NAME" redefined
conftest.c:2:1: warning: this is the location of the previous definition
/home/barry/Project/xunjia/source/minigui/libmgplus-1.2.4/../../rootfs/include/minigui/mgconfig.h:143:1: warning: "PACKAGE_STRING" redefined
conftest.c:5:1: warning: this is the location of the previous definition
/home/barry/Project/xunjia/source/minigui/libmgplus-1.2.4/../../rootfs/include/minigui/mgconfig.h:146:1: warning: "PACKAGE_TARNAME" redefined
conftest.c:3:1: warning: this is the location of the previous definition
/home/barry/Project/xunjia/source/minigui/libmgplus-1.2.4/../../rootfs/include/minigui/mgconfig.h:152:1: warning: "PACKAGE_VERSION" redefined
conftest.c:4:1: warning: this is the location of the previous definition
configure:10054: $? = 0
configure:10054: result: yes
configure:10054: checking minigui/common.h presence
configure:10054: arm-none-linux-gnueabi-gcc -E  conftest.c
conftest.c:55:28: error: minigui/common.h: No such file or directory
configure:10054: $? = 1
configure: failed program was:
| /* confdefs.h */
| #define PACKAGE_NAME "libmgplus"
| #define PACKAGE_TARNAME "libmgplus"
| #define PACKAGE_VERSION "1.2.4"
| #define PACKAGE_STRING "libmgplus 1.2.4"
| #define PACKAGE_BUGREPORT ""
| #define PACKAGE_URL ""
| #define MGPLUS_MAJOR_VERSION 1
| #define MGPLUS_MINOR_VERSION 2
| #define MGPLUS_MICRO_VERSION 4
| #define MGPLUS_INTERFACE_AGE 0
| #define MGPLUS_BINARY_AGE 0
| #define STDC_HEADERS 1
| #define HAVE_SYS_TYPES_H 1
| #define HAVE_SYS_STAT_H 1
| #define HAVE_STDLIB_H 1
| #define HAVE_STRING_H 1
| #define HAVE_MEMORY_H 1
| #define HAVE_STRINGS_H 1
| #define HAVE_INTTYPES_H 1
| #define HAVE_STDINT_H 1
| #define HAVE_UNISTD_H 1
| #define HAVE_DLFCN_H 1
| #define HAVE_DIRENT_H 1
| #define STDC_HEADERS 1
| #define HAVE_SYS_WAIT_H 1
| #define HAVE_FCNTL_H 1
| #define HAVE_STDLIB_H 1
| #define HAVE_STRING_H 1
| #define HAVE_SYS_IOCTL_H 1
| #define HAVE_SYS_TIME_H 1
| #define HAVE_TERMIO_H 1
| #define HAVE_TERMIOS_H 1
| #define HAVE_UNISTD_H 1
| #define HAVE__BOOL 1
| #define HAVE_STDBOOL_H 1
| #define CLOSEDIR_VOID 1
| #define HAVE_FORK 1
| #define HAVE_VFORK 1
| #define HAVE_WORKING_VFORK 1
| #define HAVE_WORKING_FORK 1
| #define HAVE_STAT_EMPTY_STRING_BUG 1
| #define HAVE_VPRINTF 1
| #define HAVE_BZERO 1
| #define HAVE_DUP2 1
| #define HAVE_GETCWD 1
| #define HAVE_MEMMOVE 1
| #define HAVE_MEMSET 1
| #define HAVE_PUTENV 1
| #define HAVE_STRCHR 1
| #define HAVE_STRDUP 1
| #define HAVE_STRERROR 1
| #define HAVE_STRSTR 1
| /* end confdefs.h.  */
| #include <minigui/common.h>
configure:10054: result: no
configure:10054: WARNING: minigui/common.h: accepted by the compiler, rejected by the preprocessor!
configure:10054: WARNING: minigui/common.h: proceeding with the compiler's result
configure:10054: checking for minigui/common.h
configure:10054: result: yes
configure:10324: checking for arm-none-linux-gnueabi-pkg-config
configure:10357: result: no
configure:10367: checking for pkg-config
configure:10385: found /usr/bin/pkg-config
configure:10397: result: /usr/bin/pkg-config
configure:10409: WARNING: using cross tools not prefixed with host triplet
configure:10422: checking pkg-config is at least version 0.9.0
configure:10425: result: yes
configure:10436: checking for MINIGUI
configure:10520: result: yes
configure:10660: creating ./config.status

## ---------------------- ##
## Running config.status. ##
## ---------------------- ##

This file was extended by libmgplus config.status 1.2.4, which was
generated by GNU Autoconf 2.65.  Invocation command line was

  CONFIG_FILES    = 
  CONFIG_HEADERS  = 
  CONFIG_LINKS    = 
  CONFIG_COMMANDS = 
  $ ./config.status 

on popy-debian

config.status:943: creating Makefile
config.status:943: creating mgplus.pc
config.status:943: creating include/Makefile
config.status:943: creating cmake/Makefile
config.status:943: creating src/Makefile
config.status:943: creating src/agg/Makefile
config.status:943: creating src/api/Makefile
config.status:943: creating m4/Makefile
config.status:943: creating mgplusconfig.h
config.status:1115: mgplusconfig.h is unchanged
config.status:1163: executing depfiles commands

## ---------------- ##
## Cache variables. ##
## ---------------- ##

ac_cv_build=x86_64-pc-linux-gnu
ac_cv_c_compiler_gnu=yes
ac_cv_c_const=yes
ac_cv_c_inline=inline
ac_cv_cxx_compiler_gnu=yes
ac_cv_env_CCC_set=
ac_cv_env_CCC_value=
ac_cv_env_CC_set=set
ac_cv_env_CC_value=arm-none-linux-gnueabi-gcc
ac_cv_env_CFLAGS_set=set
ac_cv_env_CFLAGS_value=-I/home/barry/Project/xunjia/source/minigui/libmgplus-1.2.4/../../rootfs/include/
ac_cv_env_CPPFLAGS_set=
ac_cv_env_CPPFLAGS_value=
ac_cv_env_CPP_set=
ac_cv_env_CPP_value=
ac_cv_env_CXXFLAGS_set=set
ac_cv_env_CXXFLAGS_value=-I/home/barry/Project/xunjia/source/minigui/libmgplus-1.2.4/../../rootfs/include/
ac_cv_env_CXX_set=
ac_cv_env_CXX_value=
ac_cv_env_LDFLAGS_set=set
ac_cv_env_LDFLAGS_value=-L/home/barry/Project/xunjia/source/minigui/libmgplus-1.2.4/../../rootfs/lis/
ac_cv_env_LIBS_set=
ac_cv_env_LIBS_value=
ac_cv_env_MINIGUI_CFLAGS_set=set
ac_cv_env_MINIGUI_CFLAGS_value=-I/home/barry/Project/xunjia/source/minigui/libmgplus-1.2.4/../../rootfs/include/
ac_cv_env_MINIGUI_LIBS_set=set
ac_cv_env_MINIGUI_LIBS_value=/home/barry/Project/xunjia/source/minigui/libmgplus-1.2.4/../../rootfs/libs/
ac_cv_env_PKG_CONFIG_set=
ac_cv_env_PKG_CONFIG_value=
ac_cv_env_build_alias_set=set
ac_cv_env_build_alias_value=x86_64-linux
ac_cv_env_host_alias_set=set
ac_cv_env_host_alias_value=arm-none-linux-gnueabi
ac_cv_env_target_alias_set=set
ac_cv_env_target_alias_value=arm-none-linux-gnueabi
ac_cv_func__doprnt=no
ac_cv_func_bzero=yes
ac_cv_func_closedir_void=yes
ac_cv_func_dup2=yes
ac_cv_func_fork=yes
ac_cv_func_fork_works=yes
ac_cv_func_getcwd=yes
ac_cv_func_lstat_dereferences_slashed_symlink=no
ac_cv_func_memmove=yes
ac_cv_func_memset=yes
ac_cv_func_putenv=yes
ac_cv_func_stat_empty_string_bug=yes
ac_cv_func_strchr=yes
ac_cv_func_strdup=yes
ac_cv_func_strerror=yes
ac_cv_func_strstr=yes
ac_cv_func_vfork=yes
ac_cv_func_vfork_works=yes
ac_cv_func_vprintf=yes
ac_cv_header_dirent_dirent_h=yes
ac_cv_header_dlfcn_h=yes
ac_cv_header_fcntl_h=yes
ac_cv_header_inttypes_h=yes
ac_cv_header_memory_h=yes
ac_cv_header_minigui_common_h=yes
ac_cv_header_stdbool_h=yes
ac_cv_header_stdc=yes
ac_cv_header_stdint_h=yes
ac_cv_header_stdlib_h=yes
ac_cv_header_string_h=yes
ac_cv_header_strings_h=yes
ac_cv_header_sys_ioctl_h=yes
ac_cv_header_sys_stat_h=yes
ac_cv_header_sys_time_h=yes
ac_cv_header_sys_types_h=yes
ac_cv_header_sys_wait_h=yes
ac_cv_header_termio_h=yes
ac_cv_header_termios_h=yes
ac_cv_header_unistd_h=yes
ac_cv_header_vfork_h=no
ac_cv_host=arm-none-linux-gnueabi
ac_cv_objext=o
ac_cv_path_EGREP='/bin/grep -E'
ac_cv_path_GREP=/bin/grep
ac_cv_path_ac_pt_PKG_CONFIG=/usr/bin/pkg-config
ac_cv_path_install='/usr/bin/install -c'
ac_cv_path_mkdir=/bin/mkdir
ac_cv_prog_AWK=gawk
ac_cv_prog_CC=arm-none-linux-gnueabi-gcc
ac_cv_prog_CPP='arm-none-linux-gnueabi-gcc -E'
ac_cv_prog_CXX=arm-none-linux-gnueabi-g++
ac_cv_prog_RANLIB=arm-none-linux-gnueabi-ranlib
ac_cv_prog_STRIP=arm-none-linux-gnueabi-strip
ac_cv_prog_cc_c89=
ac_cv_prog_cc_g=yes
ac_cv_prog_cxx_g=yes
ac_cv_prog_gcc_traditional=no
ac_cv_prog_make_make_set=yes
ac_cv_search_opendir='none required'
ac_cv_struct_tm=time.h
ac_cv_target=arm-none-linux-gnueabi
ac_cv_type__Bool=yes
ac_cv_type_pid_t=yes
am_cv_CC_dependencies_compiler_type=gcc3
am_cv_CXX_dependencies_compiler_type=gcc3
lt_cv_archive_cmds_need_lc=no
lt_cv_compiler_c_o=yes
lt_cv_compiler_o_lo=yes
lt_cv_deplibs_check_method='file_magic ELF [0-9][0-9]*-bit [LM]SB (shared object|dynamic lib )'
lt_cv_file_magic_cmd='$MAGIC_CMD'
lt_cv_file_magic_test_file='/lib/libc.so* /lib/libc-*.so'
lt_cv_global_symbol_to_c_name_address='sed -n -e '\''s/^: \([^ ]*\) $/  {\"\1\", (lt_ptr) 0},/p'\'' -e '\''s/^[BCDEGRST] \([^ ]*\) \([^ ]*\)$/  {"\2", (lt_ptr) \&\2},/p'\'''
lt_cv_global_symbol_to_cdecl='sed -n -e '\''s/^. .* \(.*\)$/extern char \1;/p'\'''
lt_cv_ld_reload_flag=-r
lt_cv_path_LD=/opt/FriendlyARM/toolschain/4.4.3/arm-none-linux-gnueabi/bin/ld
lt_cv_path_MAGIC_CMD=/usr/bin/file
lt_cv_path_NM='/opt/FriendlyARM/toolschain/4.4.3/bin/arm-none-linux-gnueabi-nm -B'
lt_cv_path_SED=/bin/sed
lt_cv_prog_cc_can_build_shared=yes
lt_cv_prog_cc_no_builtin=
lt_cv_prog_cc_pic=' -fPIC'
lt_cv_prog_cc_pic_works=yes
lt_cv_prog_cc_shlib=
lt_cv_prog_cc_static=-static
lt_cv_prog_cc_static_works=yes
lt_cv_prog_cc_wl=-Wl,
lt_cv_prog_gnu_ld=yes
lt_cv_sys_global_symbol_pipe='sed -n -e '\''s/^.*[ 	]\([ABCDGISTW][ABCDGISTW]*\)[ 	][ 	]*\(\)\([_A-Za-z][_A-Za-z0-9]*\)$/\1 \2\3 \3/p'\'''
pkg_cv_MINIGUI_CFLAGS=-I/home/barry/Project/xunjia/source/minigui/libmgplus-1.2.4/../../rootfs/include/
pkg_cv_MINIGUI_LIBS=/home/barry/Project/xunjia/source/minigui/libmgplus-1.2.4/../../rootfs/libs/

## ----------------- ##
## Output variables. ##
## ----------------- ##

ACLOCAL='${SHELL} /home/barry/Project/xunjia/source/minigui/libmgplus-1.2.4/missing --run aclocal-1.11'
AMDEPBACKSLASH='\'
AMDEP_FALSE='#'
AMDEP_TRUE=''
AMTAR='${SHELL} /home/barry/Project/xunjia/source/minigui/libmgplus-1.2.4/missing --run tar'
APP_LIBS=' -lstdc++ /home/barry/Project/xunjia/source/minigui/libmgplus-1.2.4/../../rootfs/libs/'
AUTOCONF='${SHELL} /home/barry/Project/xunjia/source/minigui/libmgplus-1.2.4/missing --run autoconf'
AUTOHEADER='${SHELL} /home/barry/Project/xunjia/source/minigui/libmgplus-1.2.4/missing --run autoheader'
AUTOMAKE='${SHELL} /home/barry/Project/xunjia/source/minigui/libmgplus-1.2.4/missing --run automake-1.11'
AWK='gawk'
CC='arm-none-linux-gnueabi-gcc'
CCDEPMODE='depmode=gcc3'
CFLAGS='-I/home/barry/Project/xunjia/source/minigui/libmgplus-1.2.4/../../rootfs/include/ -D__MGPLUS_LIB__ -Wall -Wstrict-prototypes -pipe'
CPP='arm-none-linux-gnueabi-gcc -E'
CPPFLAGS=''
CXX='arm-none-linux-gnueabi-g++'
CXXDEPMODE='depmode=gcc3'
CXXFLAGS='-I/home/barry/Project/xunjia/source/minigui/libmgplus-1.2.4/../../rootfs/include/ -D__MGPLUS_LIB__'
CYGPATH_W='echo'
DEFS='-DHAVE_CONFIG_H'
DEPDIR='.deps'
ECHO='echo'
ECHO_C=''
ECHO_N='-n'
ECHO_T=''
EGREP='/bin/grep -E'
EXEEXT=''
GREP='/bin/grep'
INSTALL_DATA='${INSTALL} -m 644'
INSTALL_PROGRAM='${INSTALL}'
INSTALL_SCRIPT='${INSTALL}'
INSTALL_STRIP_PROGRAM='$(install_sh) -c -s'
LDFLAGS='-L/home/barry/Project/xunjia/source/minigui/libmgplus-1.2.4/../../rootfs/lis/'
LIBOBJS=' ${LIBOBJDIR}lstat$U.o ${LIBOBJDIR}stat$U.o'
LIBS=''
LIBTOOL='$(SHELL) $(top_builddir)/libtool'
LIB_SUFFIX=''
LN_S='ln -s'
LTLIBOBJS=' ${LIBOBJDIR}lstat$U.lo ${LIBOBJDIR}stat$U.lo'
LT_AGE='0'
LT_CURRENT='4'
LT_RELEASE='1.2.4'
LT_REVISION='0'
MAKEINFO='${SHELL} /home/barry/Project/xunjia/source/minigui/libmgplus-1.2.4/missing --run makeinfo'
MGPLUS_FONT_FT2_FALSE=''
MGPLUS_FONT_FT2_TRUE='#'
MGPLUS_LFRDR_FASHION_FALSE='#'
MGPLUS_LFRDR_FASHION_TRUE=''
MINIGUI_CFLAGS='-I/home/barry/Project/xunjia/source/minigui/libmgplus-1.2.4/../../rootfs/include/'
MINIGUI_LIBS='/home/barry/Project/xunjia/source/minigui/libmgplus-1.2.4/../../rootfs/libs/'
MKDIR_P='/bin/mkdir -p'
OBJEXT='o'
PACKAGE='libmgplus'
PACKAGE_BUGREPORT=''
PACKAGE_NAME='libmgplus'
PACKAGE_STRING='libmgplus 1.2.4'
PACKAGE_TARNAME='libmgplus'
PACKAGE_URL=''
PACKAGE_VERSION='1.2.4'
PATH_SEPARATOR=':'
PKG_CONFIG='/usr/bin/pkg-config'
RANLIB='arm-none-linux-gnueabi-ranlib'
SET_MAKE=''
SHELL='/bin/bash'
STRIP='arm-none-linux-gnueabi-strip'
VERSION='1.2.4'
ac_ct_CC=''
ac_ct_CXX=''
am__EXEEXT_FALSE=''
am__EXEEXT_TRUE='#'
am__fastdepCC_FALSE='#'
am__fastdepCC_TRUE=''
am__fastdepCXX_FALSE='#'
am__fastdepCXX_TRUE=''
am__include='include'
am__isrc=''
am__leading_dot='.'
am__quote=''
am__tar='${AMTAR} chof - "$$tardir"'
am__untar='${AMTAR} xf -'
bindir='${exec_prefix}/bin'
build='x86_64-pc-linux-gnu'
build_alias='x86_64-linux'
build_cpu='x86_64'
build_os='linux-gnu'
build_vendor='pc'
datadir='${datarootdir}'
datarootdir='${prefix}/share'
docdir='${datarootdir}/doc/${PACKAGE_TARNAME}'
dvidir='${docdir}'
exec_prefix='${prefix}'
host='arm-none-linux-gnueabi'
host_alias='arm-none-linux-gnueabi'
host_cpu='arm'
host_os='linux-gnueabi'
host_vendor='none'
htmldir='${docdir}'
includedir='${prefix}/include'
infodir='${datarootdir}/info'
install_sh='${SHELL} /home/barry/Project/xunjia/source/minigui/libmgplus-1.2.4/install-sh'
libdir='${exec_prefix}/lib'
libexecdir='${exec_prefix}/libexec'
localedir='${datarootdir}/locale'
localstatedir='${prefix}/var'
mGPlus_BINARY_AGE='0'
mGPlus_INTERFACE_AGE='0'
mGPlus_MAJOR_VERSION='1'
mGPlus_MICRO_VERSION='4'
mGPlus_MINOR_VERSION='2'
mGPlus_VERSION='1.2.4'
mandir='${datarootdir}/man'
mkdir_p='/bin/mkdir -p'
oldincludedir='/usr/include'
pdfdir='${docdir}'
prefix='/home/barry/Project/xunjia/source/minigui/libmgplus-1.2.4/../../rootfs'
program_transform_name='s&^&arm-none-linux-gnueabi-&'
psdir='${docdir}'
sbindir='${exec_prefix}/sbin'
sharedstatedir='${prefix}/com'
sysconfdir='${prefix}/etc'
target='arm-none-linux-gnueabi'
target_alias='arm-none-linux-gnueabi'
target_cpu='arm'
target_os='linux-gnueabi'
target_vendor='none'

## ----------- ##
## confdefs.h. ##
## ----------- ##

/* confdefs.h */
#define PACKAGE_NAME "libmgplus"
#define PACKAGE_TARNAME "libmgplus"
#define PACKAGE_VERSION "1.2.4"
#define PACKAGE_STRING "libmgplus 1.2.4"
#define PACKAGE_BUGREPORT ""
#define PACKAGE_URL ""
#define MGPLUS_MAJOR_VERSION 1
#define MGPLUS_MINOR_VERSION 2
#define MGPLUS_MICRO_VERSION 4
#define MGPLUS_INTERFACE_AGE 0
#define MGPLUS_BINARY_AGE 0
#define STDC_HEADERS 1
#define HAVE_SYS_TYPES_H 1
#define HAVE_SYS_STAT_H 1
#define HAVE_STDLIB_H 1
#define HAVE_STRING_H 1
#define HAVE_MEMORY_H 1
#define HAVE_STRINGS_H 1
#define HAVE_INTTYPES_H 1
#define HAVE_STDINT_H 1
#define HAVE_UNISTD_H 1
#define HAVE_DLFCN_H 1
#define HAVE_DIRENT_H 1
#define STDC_HEADERS 1
#define HAVE_SYS_WAIT_H 1
#define HAVE_FCNTL_H 1
#define HAVE_STDLIB_H 1
#define HAVE_STRING_H 1
#define HAVE_SYS_IOCTL_H 1
#define HAVE_SYS_TIME_H 1
#define HAVE_TERMIO_H 1
#define HAVE_TERMIOS_H 1
#define HAVE_UNISTD_H 1
#define HAVE__BOOL 1
#define HAVE_STDBOOL_H 1
#define CLOSEDIR_VOID 1
#define HAVE_FORK 1
#define HAVE_VFORK 1
#define HAVE_WORKING_VFORK 1
#define HAVE_WORKING_FORK 1
#define HAVE_STAT_EMPTY_STRING_BUG 1
#define HAVE_VPRINTF 1
#define HAVE_BZERO 1
#define HAVE_DUP2 1
#define HAVE_GETCWD 1
#define HAVE_MEMMOVE 1
#define HAVE_MEMSET 1
#define HAVE_PUTENV 1
#define HAVE_STRCHR 1
#define HAVE_STRDUP 1
#define HAVE_STRERROR 1
#define HAVE_STRSTR 1
#define HAVE_MINIGUI_COMMON_H 1
#define _MGPLUS_LFRDR_FASHION 1
#define _MGPLUS_COLORCOMPOSITE 1
#define _MGPLUS_GRADIENTFILL 1
#define _MGPLUS_PIXFMT_RGBA32 1
#define _MGPLUS_PIXFMT_ABGR32 1
#define _MGPLUS_PIXFMT_BGRA32 1
#define _MGPLUS_PIXFMT_BGR24 1
#define _MGPLUS_PIXFMT_RGB24 1
#define _MGPLUS_PIXFMT_RGB555 1
#define _MGPLUS_PIXFMT_RGB565 1

configure: exit 0
